INFO Fit-7@16:13:00 : Ready:True 
	 Check List:
		--> Optimizer:OK
		--> Model:OK
		--> Dataset:OK
		--> Others:OK
		--> Transfer:OK
		--> Batch Iterator:OK
		--> Settings:OK
		--> Extra Parameters:OK
INFO Fit-7@16:13:31 : Dataset is ready, type: (<FedSRP dataset.>)
INFO Fit-7@16:13:31 : 
------------		Model Summary		------------
	<LSTM Layer, Units: 128>		
		Input:	[Adjust];
		Output:	[-1, 30, 128];
	<Dropout Layer, Drop probability: 0.2>		
		Input:	[Adjust];
		Output:	[Adjust];
	<Dense Layer, Units: 1>		
		Input:	[Adjust];
		Output:	[-1, 1];
	------------		Appendix		------------
	Loss:
		<Mean Square Error Loss>
	Optimizer:
		<Net package (Optimize)>
	Metrics:
		<Metric: Loss>
	------------		Appendix		------------

------------		Model Summary		------------

INFO Fit-7@16:13:31 : Model set to ready.
INFO Fit-7-Epo-1@16:13:34 : Epochs:1, Batches:1, in:7, Total:1, Loss:0.1575
INFO Fit-7-Epo-1@16:13:37 : Epochs:1, Batches:2, in:7, Total:2, Loss:0.0376
INFO Fit-7-Epo-1@16:13:41 : Epochs:1, Batches:3, in:7, Total:3, Loss:3.2217
INFO Fit-7-Epo-1@16:13:44 : Epochs:1, Batches:4, in:7, Total:4, Loss:0.0992
INFO Fit-7-Epo-1@16:13:47 : Epochs:1, Batches:5, in:7, Total:5, Loss:0.0986
INFO Fit-7-Epo-1@16:13:50 : Epochs:1, Batches:6, in:7, Total:6, Loss:0.0393
INFO Fit-7-Epo-1@16:13:53 : Epochs:1, Batches:7, in:7, Total:7, Loss:0.0332
INFO Fit-7-Epo-1@16:13:56 : Epochs:2, Batches:1, in:7, Total:8, Loss:0.0938
INFO Fit-7-Epo-1@16:13:59 : Epochs:2, Batches:2, in:7, Total:9, Loss:0.0584
INFO Fit-7-Epo-1@16:14:02 : Epochs:2, Batches:3, in:7, Total:10, Loss:2.5146
INFO Fit-7-Epo-1@16:14:05 : Epochs:2, Batches:4, in:7, Total:11, Loss:0.0828
INFO Fit-7-Epo-1@16:14:08 : Epochs:2, Batches:5, in:7, Total:12, Loss:0.1261
INFO Fit-7-Epo-1@16:14:11 : Epochs:2, Batches:6, in:7, Total:13, Loss:0.0856
INFO Fit-7-Epo-1@16:14:14 : Epochs:2, Batches:7, in:7, Total:14, Loss:0.0299
INFO Fit-7-Epo-1@16:14:16 : Epochs:3, Batches:1, in:7, Total:15, Loss:0.0497
INFO Fit-7-Epo-1@16:14:20 : Epochs:3, Batches:2, in:7, Total:16, Loss:0.0335
INFO Fit-7-Epo-1@16:14:23 : Epochs:3, Batches:3, in:7, Total:17, Loss:2.4560
INFO Fit-7-Epo-1@16:14:25 : Epochs:3, Batches:4, in:7, Total:18, Loss:0.0345
INFO Fit-7-Epo-1@16:14:28 : Epochs:3, Batches:5, in:7, Total:19, Loss:0.1142
INFO Fit-7-Epo-1@16:14:31 : Epochs:3, Batches:6, in:7, Total:20, Loss:0.0832
INFO Fit-7-Epo-1@16:21:41 : Epochs:3, Batches:7, in:7, Total:21, Loss:0.0337
INFO Fit-7-Epo-1@16:24:02 : Evaluate result: {'Loss': 5.033541838153221}
INFO Fit-7-Epo-2@16:25:15 : Epochs:1, Batches:1, in:7, Total:22, Loss:0.0630
INFO Fit-7-Epo-2@16:25:18 : Epochs:1, Batches:2, in:7, Total:23, Loss:0.0333
INFO Fit-7-Epo-2@16:25:21 : Epochs:1, Batches:3, in:7, Total:24, Loss:1.9603
INFO Fit-7-Epo-2@16:25:25 : Epochs:1, Batches:4, in:7, Total:25, Loss:0.0207
INFO Fit-7-Epo-2@16:25:29 : Epochs:1, Batches:5, in:7, Total:26, Loss:0.0534
INFO Fit-7-Epo-2@16:25:31 : Epochs:1, Batches:6, in:7, Total:27, Loss:0.0359
INFO Fit-7-Epo-2@16:25:34 : Epochs:1, Batches:7, in:7, Total:28, Loss:0.0446
INFO Fit-7-Epo-2@16:25:37 : Epochs:2, Batches:1, in:7, Total:29, Loss:0.0717
INFO Fit-7-Epo-2@16:25:40 : Epochs:2, Batches:2, in:7, Total:30, Loss:0.0403
INFO Fit-7-Epo-2@16:25:44 : Epochs:2, Batches:3, in:7, Total:31, Loss:1.8159
INFO Fit-7-Epo-2@16:25:47 : Epochs:2, Batches:4, in:7, Total:32, Loss:0.0228
INFO Fit-7-Epo-2@16:25:49 : Epochs:2, Batches:5, in:7, Total:33, Loss:0.0355
INFO Fit-7-Epo-2@16:25:53 : Epochs:2, Batches:6, in:7, Total:34, Loss:0.0246
INFO Fit-7-Epo-2@16:25:56 : Epochs:2, Batches:7, in:7, Total:35, Loss:0.0300
INFO Fit-7-Epo-2@16:25:59 : Epochs:3, Batches:1, in:7, Total:36, Loss:0.0565
INFO Fit-7-Epo-2@16:26:02 : Epochs:3, Batches:2, in:7, Total:37, Loss:0.0329
INFO Fit-7-Epo-2@16:26:05 : Epochs:3, Batches:3, in:7, Total:38, Loss:1.8368
INFO Fit-7-Epo-2@16:26:08 : Epochs:3, Batches:4, in:7, Total:39, Loss:0.0226
INFO Fit-7-Epo-2@16:26:11 : Epochs:3, Batches:5, in:7, Total:40, Loss:0.0284
INFO Fit-7-Epo-2@16:26:14 : Epochs:3, Batches:6, in:7, Total:41, Loss:0.0248
INFO Fit-7-Epo-2@16:39:42 : Epochs:3, Batches:7, in:7, Total:42, Loss:0.0347
INFO Fit-7-Epo-2@16:41:13 : Evaluate result: {'Loss': 4.582903246190787}
INFO Fit-7-Epo-3@16:41:56 : Epochs:1, Batches:1, in:7, Total:43, Loss:0.0579
INFO Fit-7-Epo-3@16:41:58 : Epochs:1, Batches:2, in:7, Total:44, Loss:0.0338
INFO Fit-7-Epo-3@16:42:00 : Epochs:1, Batches:3, in:7, Total:45, Loss:1.6798
INFO Fit-7-Epo-3@16:42:02 : Epochs:1, Batches:4, in:7, Total:46, Loss:0.0271
INFO Fit-7-Epo-3@16:42:03 : Epochs:1, Batches:5, in:7, Total:47, Loss:0.0330
INFO Fit-7-Epo-3@16:42:05 : Epochs:1, Batches:6, in:7, Total:48, Loss:0.0217
INFO Fit-7-Epo-3@16:42:07 : Epochs:1, Batches:7, in:7, Total:49, Loss:0.0222
INFO Fit-7-Epo-3@16:42:09 : Epochs:2, Batches:1, in:7, Total:50, Loss:0.0527
INFO Fit-7-Epo-3@16:42:11 : Epochs:2, Batches:2, in:7, Total:51, Loss:0.0301
INFO Fit-7-Epo-3@16:42:13 : Epochs:2, Batches:3, in:7, Total:52, Loss:1.5016
INFO Fit-7-Epo-3@16:42:15 : Epochs:2, Batches:4, in:7, Total:53, Loss:0.0255
INFO Fit-7-Epo-3@16:42:16 : Epochs:2, Batches:5, in:7, Total:54, Loss:0.0323
INFO Fit-7-Epo-3@16:42:18 : Epochs:2, Batches:6, in:7, Total:55, Loss:0.0194
INFO Fit-7-Epo-3@16:42:20 : Epochs:2, Batches:7, in:7, Total:56, Loss:0.0216
INFO Fit-7-Epo-3@16:42:22 : Epochs:3, Batches:1, in:7, Total:57, Loss:0.0582
INFO Fit-7-Epo-3@16:42:24 : Epochs:3, Batches:2, in:7, Total:58, Loss:0.0292
INFO Fit-7-Epo-3@16:42:26 : Epochs:3, Batches:3, in:7, Total:59, Loss:1.4635
INFO Fit-7-Epo-3@16:42:28 : Epochs:3, Batches:4, in:7, Total:60, Loss:0.0154
INFO Fit-7-Epo-3@16:42:30 : Epochs:3, Batches:5, in:7, Total:61, Loss:0.0271
INFO Fit-7-Epo-3@16:42:31 : Epochs:3, Batches:6, in:7, Total:62, Loss:0.0215
INFO Fit-7-Epo-3@16:50:33 : Epochs:3, Batches:7, in:7, Total:63, Loss:0.0169
INFO Fit-7-Epo-3@16:52:06 : Evaluate result: {'Loss': 4.430924873764542}
INFO Fit-7-Epo-4@16:52:50 : Epochs:1, Batches:1, in:7, Total:64, Loss:0.0452
INFO Fit-7-Epo-4@16:52:51 : Epochs:1, Batches:2, in:7, Total:65, Loss:0.0248
INFO Fit-7-Epo-4@16:52:53 : Epochs:1, Batches:3, in:7, Total:66, Loss:1.3608
INFO Fit-7-Epo-4@16:52:55 : Epochs:1, Batches:4, in:7, Total:67, Loss:0.0236
INFO Fit-7-Epo-4@16:52:57 : Epochs:1, Batches:5, in:7, Total:68, Loss:0.0304
INFO Fit-7-Epo-4@16:52:59 : Epochs:1, Batches:6, in:7, Total:69, Loss:0.0201
INFO Fit-7-Epo-4@16:53:01 : Epochs:1, Batches:7, in:7, Total:70, Loss:0.0335
INFO Fit-7-Epo-4@16:53:02 : Epochs:2, Batches:1, in:7, Total:71, Loss:0.0444
INFO Fit-7-Epo-4@16:53:04 : Epochs:2, Batches:2, in:7, Total:72, Loss:0.0350
INFO Fit-7-Epo-4@16:53:06 : Epochs:2, Batches:3, in:7, Total:73, Loss:1.3202
INFO Fit-7-Epo-4@16:53:08 : Epochs:2, Batches:4, in:7, Total:74, Loss:0.0212
INFO Fit-7-Epo-4@16:53:10 : Epochs:2, Batches:5, in:7, Total:75, Loss:0.0233
INFO Fit-7-Epo-4@16:53:11 : Epochs:2, Batches:6, in:7, Total:76, Loss:0.0186
INFO Fit-7-Epo-4@16:53:13 : Epochs:2, Batches:7, in:7, Total:77, Loss:0.0267
INFO Fit-7-Epo-4@16:53:15 : Epochs:3, Batches:1, in:7, Total:78, Loss:0.0448
INFO Fit-7-Epo-4@16:53:16 : Epochs:3, Batches:2, in:7, Total:79, Loss:0.0279
INFO Fit-7-Epo-4@16:53:18 : Epochs:3, Batches:3, in:7, Total:80, Loss:1.2102
INFO Fit-7-Epo-4@16:53:20 : Epochs:3, Batches:4, in:7, Total:81, Loss:0.0229
INFO Fit-7-Epo-4@16:53:22 : Epochs:3, Batches:5, in:7, Total:82, Loss:0.0234
INFO Fit-7-Epo-4@16:53:24 : Epochs:3, Batches:6, in:7, Total:83, Loss:0.0189
INFO Fit-7-Epo-4@17:01:23 : Epochs:3, Batches:7, in:7, Total:84, Loss:0.0226
INFO Fit-7-Epo-4@17:02:55 : Evaluate result: {'Loss': 4.210988060107717}
INFO Fit-7-Epo-5@17:03:40 : Epochs:1, Batches:1, in:7, Total:85, Loss:0.0397
INFO Fit-7-Epo-5@17:03:42 : Epochs:1, Batches:2, in:7, Total:86, Loss:0.0212
INFO Fit-7-Epo-5@17:03:44 : Epochs:1, Batches:3, in:7, Total:87, Loss:1.2760
INFO Fit-7-Epo-5@17:03:46 : Epochs:1, Batches:4, in:7, Total:88, Loss:0.0211
INFO Fit-7-Epo-5@17:03:48 : Epochs:1, Batches:5, in:7, Total:89, Loss:0.0334
INFO Fit-7-Epo-5@17:03:50 : Epochs:1, Batches:6, in:7, Total:90, Loss:0.0151
INFO Fit-7-Epo-5@17:03:51 : Epochs:1, Batches:7, in:7, Total:91, Loss:0.0543
INFO Fit-7-Epo-5@17:03:53 : Epochs:2, Batches:1, in:7, Total:92, Loss:0.0549
INFO Fit-7-Epo-5@17:03:55 : Epochs:2, Batches:2, in:7, Total:93, Loss:0.0440
INFO Fit-7-Epo-5@17:03:57 : Epochs:2, Batches:3, in:7, Total:94, Loss:1.2488
INFO Fit-7-Epo-5@17:03:58 : Epochs:2, Batches:4, in:7, Total:95, Loss:0.0148
INFO Fit-7-Epo-5@17:04:00 : Epochs:2, Batches:5, in:7, Total:96, Loss:0.0277
INFO Fit-7-Epo-5@17:04:02 : Epochs:2, Batches:6, in:7, Total:97, Loss:0.0161
INFO Fit-7-Epo-5@17:04:03 : Epochs:2, Batches:7, in:7, Total:98, Loss:0.0244
INFO Fit-7-Epo-5@17:04:03 : Epochs:3, Batches:1, in:7, Total:99, Loss:0.0292
INFO Fit-7-Epo-5@17:04:04 : Epochs:3, Batches:2, in:7, Total:100, Loss:0.0388
INFO Fit-7-Epo-5@17:04:06 : Epochs:3, Batches:3, in:7, Total:101, Loss:1.1767
INFO Fit-7-Epo-5@17:04:08 : Epochs:3, Batches:4, in:7, Total:102, Loss:0.0180
INFO Fit-7-Epo-5@17:04:10 : Epochs:3, Batches:5, in:7, Total:103, Loss:0.0235
INFO Fit-7-Epo-5@17:04:11 : Epochs:3, Batches:6, in:7, Total:104, Loss:0.0208
INFO Fit-7-Epo-5@17:12:15 : Epochs:3, Batches:7, in:7, Total:105, Loss:0.0284
INFO Fit-7-Epo-5@17:13:44 : Evaluate result: {'Loss': 4.15577307932031}
INFO Fit-7-Epo-6@17:14:26 : Epochs:1, Batches:1, in:7, Total:106, Loss:0.0386
INFO Fit-7-Epo-6@17:14:27 : Epochs:1, Batches:2, in:7, Total:107, Loss:0.0254
INFO Fit-7-Epo-6@17:14:29 : Epochs:1, Batches:3, in:7, Total:108, Loss:0.9815
INFO Fit-7-Epo-6@17:14:31 : Epochs:1, Batches:4, in:7, Total:109, Loss:0.0119
INFO Fit-7-Epo-6@17:14:33 : Epochs:1, Batches:5, in:7, Total:110, Loss:0.0211
INFO Fit-7-Epo-6@17:14:35 : Epochs:1, Batches:6, in:7, Total:111, Loss:0.0115
INFO Fit-7-Epo-6@17:14:36 : Epochs:1, Batches:7, in:7, Total:112, Loss:0.0285
INFO Fit-7-Epo-6@17:14:38 : Epochs:2, Batches:1, in:7, Total:113, Loss:0.0357
INFO Fit-7-Epo-6@17:14:40 : Epochs:2, Batches:2, in:7, Total:114, Loss:0.0241
INFO Fit-7-Epo-6@17:14:42 : Epochs:2, Batches:3, in:7, Total:115, Loss:0.9576
INFO Fit-7-Epo-6@17:14:43 : Epochs:2, Batches:4, in:7, Total:116, Loss:0.0159
INFO Fit-7-Epo-6@17:14:45 : Epochs:2, Batches:5, in:7, Total:117, Loss:0.0202
INFO Fit-7-Epo-6@17:14:47 : Epochs:2, Batches:6, in:7, Total:118, Loss:0.0105
INFO Fit-7-Epo-6@17:14:48 : Epochs:2, Batches:7, in:7, Total:119, Loss:0.0306
INFO Fit-7-Epo-6@17:14:50 : Epochs:3, Batches:1, in:7, Total:120, Loss:0.0252
INFO Fit-7-Epo-6@17:14:51 : Epochs:3, Batches:2, in:7, Total:121, Loss:0.0195
INFO Fit-7-Epo-6@17:14:53 : Epochs:3, Batches:3, in:7, Total:122, Loss:1.0578
INFO Fit-7-Epo-6@17:14:55 : Epochs:3, Batches:4, in:7, Total:123, Loss:0.0149
INFO Fit-7-Epo-6@17:14:57 : Epochs:3, Batches:5, in:7, Total:124, Loss:0.0194
INFO Fit-7-Epo-6@17:14:58 : Epochs:3, Batches:6, in:7, Total:125, Loss:0.0165
INFO Fit-7-Epo-6@17:22:57 : Epochs:3, Batches:7, in:7, Total:126, Loss:0.0356
INFO Fit-7-Epo-6@17:24:28 : Evaluate result: {'Loss': 4.048323175000787}
INFO Fit-7-Epo-7@17:25:09 : Epochs:1, Batches:1, in:7, Total:127, Loss:0.0198
INFO Fit-7-Epo-7@17:25:11 : Epochs:1, Batches:2, in:7, Total:128, Loss:0.0161
INFO Fit-7-Epo-7@17:25:13 : Epochs:1, Batches:3, in:7, Total:129, Loss:1.0214
INFO Fit-7-Epo-7@17:25:15 : Epochs:1, Batches:4, in:7, Total:130, Loss:0.0144
INFO Fit-7-Epo-7@17:25:17 : Epochs:1, Batches:5, in:7, Total:131, Loss:0.0197
INFO Fit-7-Epo-7@17:25:19 : Epochs:1, Batches:6, in:7, Total:132, Loss:0.0200
INFO Fit-7-Epo-7@17:25:21 : Epochs:1, Batches:7, in:7, Total:133, Loss:0.0231
INFO Fit-7-Epo-7@17:25:23 : Epochs:2, Batches:1, in:7, Total:134, Loss:0.0265
INFO Fit-7-Epo-7@17:25:25 : Epochs:2, Batches:2, in:7, Total:135, Loss:0.0215
INFO Fit-7-Epo-7@17:25:27 : Epochs:2, Batches:3, in:7, Total:136, Loss:0.7952
INFO Fit-7-Epo-7@17:25:29 : Epochs:2, Batches:4, in:7, Total:137, Loss:0.0105
INFO Fit-7-Epo-7@17:25:30 : Epochs:2, Batches:5, in:7, Total:138, Loss:0.0214
INFO Fit-7-Epo-7@17:25:32 : Epochs:2, Batches:6, in:7, Total:139, Loss:0.0116
INFO Fit-7-Epo-7@17:25:34 : Epochs:2, Batches:7, in:7, Total:140, Loss:0.0149
INFO Fit-7-Epo-7@17:25:36 : Epochs:3, Batches:1, in:7, Total:141, Loss:0.0210
INFO Fit-7-Epo-7@17:25:38 : Epochs:3, Batches:2, in:7, Total:142, Loss:0.0139
INFO Fit-7-Epo-7@17:25:40 : Epochs:3, Batches:3, in:7, Total:143, Loss:0.9144
INFO Fit-7-Epo-7@17:25:42 : Epochs:3, Batches:4, in:7, Total:144, Loss:0.0154
INFO Fit-7-Epo-7@17:25:44 : Epochs:3, Batches:5, in:7, Total:145, Loss:0.0198
INFO Fit-7-Epo-7@17:25:46 : Epochs:3, Batches:6, in:7, Total:146, Loss:0.0131
INFO Fit-7-Epo-7@17:33:44 : Epochs:3, Batches:7, in:7, Total:147, Loss:0.0174
INFO Fit-7-Epo-7@17:35:12 : Evaluate result: {'Loss': 3.935685620133312}
INFO Fit-7-Epo-8@17:35:54 : Epochs:1, Batches:1, in:7, Total:148, Loss:0.0321
INFO Fit-7-Epo-8@17:35:56 : Epochs:1, Batches:2, in:7, Total:149, Loss:0.0141
INFO Fit-7-Epo-8@17:35:58 : Epochs:1, Batches:3, in:7, Total:150, Loss:0.8396
INFO Fit-7-Epo-8@17:36:00 : Epochs:1, Batches:4, in:7, Total:151, Loss:0.0143
INFO Fit-7-Epo-8@17:36:02 : Epochs:1, Batches:5, in:7, Total:152, Loss:0.0196
INFO Fit-7-Epo-8@17:36:04 : Epochs:1, Batches:6, in:7, Total:153, Loss:0.0183
INFO Fit-7-Epo-8@17:36:06 : Epochs:1, Batches:7, in:7, Total:154, Loss:0.0255
INFO Fit-7-Epo-8@17:36:08 : Epochs:2, Batches:1, in:7, Total:155, Loss:0.0204
INFO Fit-7-Epo-8@17:36:10 : Epochs:2, Batches:2, in:7, Total:156, Loss:0.0222
INFO Fit-7-Epo-8@17:36:11 : Epochs:2, Batches:3, in:7, Total:157, Loss:0.7285
INFO Fit-7-Epo-8@17:36:13 : Epochs:2, Batches:4, in:7, Total:158, Loss:0.0094
INFO Fit-7-Epo-8@17:36:15 : Epochs:2, Batches:5, in:7, Total:159, Loss:0.0150
INFO Fit-7-Epo-8@17:36:17 : Epochs:2, Batches:6, in:7, Total:160, Loss:0.0135
INFO Fit-7-Epo-8@17:36:19 : Epochs:2, Batches:7, in:7, Total:161, Loss:0.0198
INFO Fit-7-Epo-8@17:36:21 : Epochs:3, Batches:1, in:7, Total:162, Loss:0.0139
INFO Fit-7-Epo-8@17:36:23 : Epochs:3, Batches:2, in:7, Total:163, Loss:0.0132
INFO Fit-7-Epo-8@17:36:24 : Epochs:3, Batches:3, in:7, Total:164, Loss:0.7292
INFO Fit-7-Epo-8@17:36:26 : Epochs:3, Batches:4, in:7, Total:165, Loss:0.0155
INFO Fit-7-Epo-8@17:36:28 : Epochs:3, Batches:5, in:7, Total:166, Loss:0.0189
INFO Fit-7-Epo-8@17:36:30 : Epochs:3, Batches:6, in:7, Total:167, Loss:0.0082
INFO Fit-7-Epo-8@17:44:24 : Epochs:3, Batches:7, in:7, Total:168, Loss:0.0209
INFO Fit-7-Epo-8@17:45:54 : Evaluate result: {'Loss': 3.917320268502656}
INFO Fit-7-Epo-9@17:46:37 : Epochs:1, Batches:1, in:7, Total:169, Loss:0.0170
INFO Fit-7-Epo-9@17:46:39 : Epochs:1, Batches:2, in:7, Total:170, Loss:0.0177
INFO Fit-7-Epo-9@17:46:41 : Epochs:1, Batches:3, in:7, Total:171, Loss:1.1012
INFO Fit-7-Epo-9@17:46:42 : Epochs:1, Batches:4, in:7, Total:172, Loss:0.0198
INFO Fit-7-Epo-9@17:46:44 : Epochs:1, Batches:5, in:7, Total:173, Loss:0.0276
INFO Fit-7-Epo-9@17:46:46 : Epochs:1, Batches:6, in:7, Total:174, Loss:0.0137
INFO Fit-7-Epo-9@17:46:48 : Epochs:1, Batches:7, in:7, Total:175, Loss:0.0194
INFO Fit-7-Epo-9@17:46:50 : Epochs:2, Batches:1, in:7, Total:176, Loss:0.0381
INFO Fit-7-Epo-9@17:46:52 : Epochs:2, Batches:2, in:7, Total:177, Loss:0.0275
INFO Fit-7-Epo-9@17:46:54 : Epochs:2, Batches:3, in:7, Total:178, Loss:0.8916
INFO Fit-7-Epo-9@17:46:55 : Epochs:2, Batches:4, in:7, Total:179, Loss:0.0096
INFO Fit-7-Epo-9@17:46:57 : Epochs:2, Batches:5, in:7, Total:180, Loss:0.0154
INFO Fit-7-Epo-9@17:46:59 : Epochs:2, Batches:6, in:7, Total:181, Loss:0.0132
INFO Fit-7-Epo-9@17:47:01 : Epochs:2, Batches:7, in:7, Total:182, Loss:0.0168
INFO Fit-7-Epo-9@17:47:03 : Epochs:3, Batches:1, in:7, Total:183, Loss:0.0180
INFO Fit-7-Epo-9@17:47:05 : Epochs:3, Batches:2, in:7, Total:184, Loss:0.0214
INFO Fit-7-Epo-9@17:47:07 : Epochs:3, Batches:3, in:7, Total:185, Loss:0.8082
INFO Fit-7-Epo-9@17:47:08 : Epochs:3, Batches:4, in:7, Total:186, Loss:0.0174
INFO Fit-7-Epo-9@17:47:10 : Epochs:3, Batches:5, in:7, Total:187, Loss:0.0234
INFO Fit-7-Epo-9@17:47:12 : Epochs:3, Batches:6, in:7, Total:188, Loss:0.0117
INFO Fit-7-Epo-9@17:55:08 : Epochs:3, Batches:7, in:7, Total:189, Loss:0.0237
INFO Fit-7-Epo-9@17:56:38 : Evaluate result: {'Loss': 3.852954919765773}
INFO Fit-7-Epo-10@17:57:18 : Epochs:1, Batches:1, in:7, Total:190, Loss:0.0204
INFO Fit-7-Epo-10@17:57:20 : Epochs:1, Batches:2, in:7, Total:191, Loss:0.0140
INFO Fit-7-Epo-10@17:57:22 : Epochs:1, Batches:3, in:7, Total:192, Loss:0.9298
INFO Fit-7-Epo-10@17:57:24 : Epochs:1, Batches:4, in:7, Total:193, Loss:0.0115
INFO Fit-7-Epo-10@17:57:25 : Epochs:1, Batches:5, in:7, Total:194, Loss:0.0289
INFO Fit-7-Epo-10@17:57:27 : Epochs:1, Batches:6, in:7, Total:195, Loss:0.0111
INFO Fit-7-Epo-10@17:57:29 : Epochs:1, Batches:7, in:7, Total:196, Loss:0.0205
INFO Fit-7-Epo-10@17:57:31 : Epochs:2, Batches:1, in:7, Total:197, Loss:0.0279
INFO Fit-7-Epo-10@17:57:32 : Epochs:2, Batches:2, in:7, Total:198, Loss:0.0349
INFO Fit-7-Epo-10@17:57:34 : Epochs:2, Batches:3, in:7, Total:199, Loss:0.7508
INFO Fit-7-Epo-10@17:57:36 : Epochs:2, Batches:4, in:7, Total:200, Loss:0.0066
INFO Fit-7-Epo-10@17:57:38 : Epochs:2, Batches:5, in:7, Total:201, Loss:0.0178
INFO Fit-7-Epo-10@17:57:40 : Epochs:2, Batches:6, in:7, Total:202, Loss:0.0161
INFO Fit-7-Epo-10@17:57:42 : Epochs:2, Batches:7, in:7, Total:203, Loss:0.0140
INFO Fit-7-Epo-10@17:57:44 : Epochs:3, Batches:1, in:7, Total:204, Loss:0.0211
INFO Fit-7-Epo-10@17:57:45 : Epochs:3, Batches:2, in:7, Total:205, Loss:0.0154
INFO Fit-7-Epo-10@17:57:47 : Epochs:3, Batches:3, in:7, Total:206, Loss:0.6624
INFO Fit-7-Epo-10@17:57:49 : Epochs:3, Batches:4, in:7, Total:207, Loss:0.0132
INFO Fit-7-Epo-10@17:57:51 : Epochs:3, Batches:5, in:7, Total:208, Loss:0.0122
INFO Fit-7-Epo-10@17:57:53 : Epochs:3, Batches:6, in:7, Total:209, Loss:0.0126
INFO Fit-7-Epo-10@18:05:49 : Epochs:3, Batches:7, in:7, Total:210, Loss:0.0173
INFO Fit-7-Epo-10@18:07:20 : Evaluate result: {'Loss': 3.9348461243201376}
INFO Fit-7-Epo-11@18:08:00 : Epochs:1, Batches:1, in:7, Total:211, Loss:0.0192
INFO Fit-7-Epo-11@18:08:02 : Epochs:1, Batches:2, in:7, Total:212, Loss:0.0110
INFO Fit-7-Epo-11@18:08:04 : Epochs:1, Batches:3, in:7, Total:213, Loss:0.6881
INFO Fit-7-Epo-11@18:08:06 : Epochs:1, Batches:4, in:7, Total:214, Loss:0.0144
INFO Fit-7-Epo-11@18:08:08 : Epochs:1, Batches:5, in:7, Total:215, Loss:0.0130
INFO Fit-7-Epo-11@18:08:10 : Epochs:1, Batches:6, in:7, Total:216, Loss:0.0095
INFO Fit-7-Epo-11@18:08:11 : Epochs:1, Batches:7, in:7, Total:217, Loss:0.0150
INFO Fit-7-Epo-11@18:08:13 : Epochs:2, Batches:1, in:7, Total:218, Loss:0.0187
INFO Fit-7-Epo-11@18:08:15 : Epochs:2, Batches:2, in:7, Total:219, Loss:0.0134
INFO Fit-7-Epo-11@18:08:17 : Epochs:2, Batches:3, in:7, Total:220, Loss:0.6001
INFO Fit-7-Epo-11@18:08:19 : Epochs:2, Batches:4, in:7, Total:221, Loss:0.0170
INFO Fit-7-Epo-11@18:08:21 : Epochs:2, Batches:5, in:7, Total:222, Loss:0.0113
INFO Fit-7-Epo-11@18:08:23 : Epochs:2, Batches:6, in:7, Total:223, Loss:0.0125
INFO Fit-7-Epo-11@18:08:25 : Epochs:2, Batches:7, in:7, Total:224, Loss:0.0141
INFO Fit-7-Epo-11@18:08:27 : Epochs:3, Batches:1, in:7, Total:225, Loss:0.0157
INFO Fit-7-Epo-11@18:08:29 : Epochs:3, Batches:2, in:7, Total:226, Loss:0.0156
INFO Fit-7-Epo-11@18:08:31 : Epochs:3, Batches:3, in:7, Total:227, Loss:0.5269
INFO Fit-7-Epo-11@18:08:33 : Epochs:3, Batches:4, in:7, Total:228, Loss:0.0135
INFO Fit-7-Epo-11@18:08:35 : Epochs:3, Batches:5, in:7, Total:229, Loss:0.0114
INFO Fit-7-Epo-11@18:08:37 : Epochs:3, Batches:6, in:7, Total:230, Loss:0.0107
INFO Fit-7-Epo-11@18:16:35 : Epochs:3, Batches:7, in:7, Total:231, Loss:0.0129
INFO Fit-7-Epo-11@18:18:03 : Evaluate result: {'Loss': 3.8403645020348036}
INFO Fit-7-Epo-12@18:18:44 : Epochs:1, Batches:1, in:7, Total:232, Loss:0.0827
INFO Fit-7-Epo-12@18:18:46 : Epochs:1, Batches:2, in:7, Total:233, Loss:0.0244
INFO Fit-7-Epo-12@18:18:48 : Epochs:1, Batches:3, in:7, Total:234, Loss:2.4444
INFO Fit-7-Epo-12@18:18:50 : Epochs:1, Batches:4, in:7, Total:235, Loss:0.0278
INFO Fit-7-Epo-12@18:18:52 : Epochs:1, Batches:5, in:7, Total:236, Loss:0.0947
INFO Fit-7-Epo-12@18:18:54 : Epochs:1, Batches:6, in:7, Total:237, Loss:0.0216
INFO Fit-7-Epo-12@18:18:56 : Epochs:1, Batches:7, in:7, Total:238, Loss:0.0384
INFO Fit-7-Epo-12@18:18:57 : Epochs:2, Batches:1, in:7, Total:239, Loss:0.0586
INFO Fit-7-Epo-12@18:18:59 : Epochs:2, Batches:2, in:7, Total:240, Loss:0.0848
INFO Fit-7-Epo-12@18:19:01 : Epochs:2, Batches:3, in:7, Total:241, Loss:2.0361
INFO Fit-7-Epo-12@18:19:03 : Epochs:2, Batches:4, in:7, Total:242, Loss:0.0134
INFO Fit-7-Epo-12@18:19:05 : Epochs:2, Batches:5, in:7, Total:243, Loss:0.0280
INFO Fit-7-Epo-12@18:19:06 : Epochs:2, Batches:6, in:7, Total:244, Loss:0.0188
INFO Fit-7-Epo-12@18:19:08 : Epochs:2, Batches:7, in:7, Total:245, Loss:0.0158
INFO Fit-7-Epo-12@18:19:10 : Epochs:3, Batches:1, in:7, Total:246, Loss:0.0276
INFO Fit-7-Epo-12@18:19:12 : Epochs:3, Batches:2, in:7, Total:247, Loss:0.0223
INFO Fit-7-Epo-12@18:19:13 : Epochs:3, Batches:3, in:7, Total:248, Loss:1.6092
INFO Fit-7-Epo-12@18:19:15 : Epochs:3, Batches:4, in:7, Total:249, Loss:0.0216
INFO Fit-7-Epo-12@18:19:17 : Epochs:3, Batches:5, in:7, Total:250, Loss:0.0273
INFO Fit-7-Epo-12@18:19:18 : Epochs:3, Batches:6, in:7, Total:251, Loss:0.0129
INFO Fit-7-Epo-12@18:27:17 : Epochs:3, Batches:7, in:7, Total:252, Loss:0.0123
INFO Fit-7-Epo-12@18:28:44 : Evaluate result: {'Loss': 4.355973743995387}
INFO Fit-7-Epo-13@18:29:26 : Epochs:1, Batches:1, in:7, Total:253, Loss:0.0452
INFO Fit-7-Epo-13@18:29:28 : Epochs:1, Batches:2, in:7, Total:254, Loss:0.0119
INFO Fit-7-Epo-13@18:29:30 : Epochs:1, Batches:3, in:7, Total:255, Loss:1.6586
INFO Fit-7-Epo-13@18:29:32 : Epochs:1, Batches:4, in:7, Total:256, Loss:0.0248
INFO Fit-7-Epo-13@18:29:34 : Epochs:1, Batches:5, in:7, Total:257, Loss:0.0470
INFO Fit-7-Epo-13@18:29:36 : Epochs:1, Batches:6, in:7, Total:258, Loss:0.0121
INFO Fit-7-Epo-13@18:29:37 : Epochs:1, Batches:7, in:7, Total:259, Loss:0.0238
INFO Fit-7-Epo-13@18:29:39 : Epochs:2, Batches:1, in:7, Total:260, Loss:0.0374
INFO Fit-7-Epo-13@18:29:41 : Epochs:2, Batches:2, in:7, Total:261, Loss:0.0556
INFO Fit-7-Epo-13@18:29:43 : Epochs:2, Batches:3, in:7, Total:262, Loss:1.2341
INFO Fit-7-Epo-13@18:29:44 : Epochs:2, Batches:4, in:7, Total:263, Loss:0.0108
INFO Fit-7-Epo-13@18:29:46 : Epochs:2, Batches:5, in:7, Total:264, Loss:0.0227
INFO Fit-7-Epo-13@18:29:48 : Epochs:2, Batches:6, in:7, Total:265, Loss:0.0217
INFO Fit-7-Epo-13@18:29:50 : Epochs:2, Batches:7, in:7, Total:266, Loss:0.0331
INFO Fit-7-Epo-13@18:29:52 : Epochs:3, Batches:1, in:7, Total:267, Loss:0.0234
INFO Fit-7-Epo-13@18:29:54 : Epochs:3, Batches:2, in:7, Total:268, Loss:0.0268
INFO Fit-7-Epo-13@18:29:55 : Epochs:3, Batches:3, in:7, Total:269, Loss:1.0345
INFO Fit-7-Epo-13@18:29:57 : Epochs:3, Batches:4, in:7, Total:270, Loss:0.0161
INFO Fit-7-Epo-13@18:29:59 : Epochs:3, Batches:5, in:7, Total:271, Loss:0.0309
INFO Fit-7-Epo-13@18:30:02 : Epochs:3, Batches:6, in:7, Total:272, Loss:0.0126
INFO Fit-7-Epo-13@18:37:59 : Epochs:3, Batches:7, in:7, Total:273, Loss:0.0208
INFO Fit-7-Epo-13@18:39:29 : Evaluate result: {'Loss': 4.107374205771116}
INFO Fit-7-Epo-14@18:40:12 : Epochs:1, Batches:1, in:7, Total:274, Loss:0.0218
INFO Fit-7-Epo-14@18:40:14 : Epochs:1, Batches:2, in:7, Total:275, Loss:0.0148
INFO Fit-7-Epo-14@18:40:15 : Epochs:1, Batches:3, in:7, Total:276, Loss:0.9402
INFO Fit-7-Epo-14@18:40:17 : Epochs:1, Batches:4, in:7, Total:277, Loss:0.0110
INFO Fit-7-Epo-14@18:40:19 : Epochs:1, Batches:5, in:7, Total:278, Loss:0.0205
INFO Fit-7-Epo-14@18:40:21 : Epochs:1, Batches:6, in:7, Total:279, Loss:0.0089
INFO Fit-7-Epo-14@18:40:23 : Epochs:1, Batches:7, in:7, Total:280, Loss:0.0203
INFO Fit-7-Epo-14@18:40:25 : Epochs:2, Batches:1, in:7, Total:281, Loss:0.0194
INFO Fit-7-Epo-14@18:40:27 : Epochs:2, Batches:2, in:7, Total:282, Loss:0.0172
INFO Fit-7-Epo-14@18:40:29 : Epochs:2, Batches:3, in:7, Total:283, Loss:0.7985
INFO Fit-7-Epo-14@18:40:31 : Epochs:2, Batches:4, in:7, Total:284, Loss:0.0147
INFO Fit-7-Epo-14@18:40:33 : Epochs:2, Batches:5, in:7, Total:285, Loss:0.0214
INFO Fit-7-Epo-14@18:40:35 : Epochs:2, Batches:6, in:7, Total:286, Loss:0.0083
INFO Fit-7-Epo-14@18:40:36 : Epochs:2, Batches:7, in:7, Total:287, Loss:0.0193
INFO Fit-7-Epo-14@18:40:38 : Epochs:3, Batches:1, in:7, Total:288, Loss:0.0175
INFO Fit-7-Epo-14@18:40:40 : Epochs:3, Batches:2, in:7, Total:289, Loss:0.0194
INFO Fit-7-Epo-14@18:40:42 : Epochs:3, Batches:3, in:7, Total:290, Loss:0.6902
INFO Fit-7-Epo-14@18:40:43 : Epochs:3, Batches:4, in:7, Total:291, Loss:0.0131
INFO Fit-7-Epo-14@18:40:45 : Epochs:3, Batches:5, in:7, Total:292, Loss:0.0166
INFO Fit-7-Epo-14@18:40:47 : Epochs:3, Batches:6, in:7, Total:293, Loss:0.0134
INFO Fit-7-Epo-14@18:48:42 : Epochs:3, Batches:7, in:7, Total:294, Loss:0.0182
INFO Fit-7-Epo-14@18:50:15 : Evaluate result: {'Loss': 3.915604685347225}
INFO Fit-7-Epo-15@18:50:59 : Epochs:1, Batches:1, in:7, Total:295, Loss:0.0219
INFO Fit-7-Epo-15@18:51:01 : Epochs:1, Batches:2, in:7, Total:296, Loss:0.0096
INFO Fit-7-Epo-15@18:51:03 : Epochs:1, Batches:3, in:7, Total:297, Loss:0.8528
INFO Fit-7-Epo-15@18:51:05 : Epochs:1, Batches:4, in:7, Total:298, Loss:0.0134
INFO Fit-7-Epo-15@18:51:07 : Epochs:1, Batches:5, in:7, Total:299, Loss:0.0203
INFO Fit-7-Epo-15@18:51:09 : Epochs:1, Batches:6, in:7, Total:300, Loss:0.0101
INFO Fit-7-Epo-15@18:51:11 : Epochs:1, Batches:7, in:7, Total:301, Loss:0.0163
INFO Fit-7-Epo-15@18:51:13 : Epochs:2, Batches:1, in:7, Total:302, Loss:0.0157
INFO Fit-7-Epo-15@18:51:15 : Epochs:2, Batches:2, in:7, Total:303, Loss:0.0145
INFO Fit-7-Epo-15@18:51:17 : Epochs:2, Batches:3, in:7, Total:304, Loss:0.8472
INFO Fit-7-Epo-15@18:51:19 : Epochs:2, Batches:4, in:7, Total:305, Loss:0.0110
INFO Fit-7-Epo-15@18:51:21 : Epochs:2, Batches:5, in:7, Total:306, Loss:0.0149
INFO Fit-7-Epo-15@18:51:23 : Epochs:2, Batches:6, in:7, Total:307, Loss:0.0094
INFO Fit-7-Epo-15@18:51:25 : Epochs:2, Batches:7, in:7, Total:308, Loss:0.0180
INFO Fit-7-Epo-15@18:51:27 : Epochs:3, Batches:1, in:7, Total:309, Loss:0.0178
INFO Fit-7-Epo-15@18:51:29 : Epochs:3, Batches:2, in:7, Total:310, Loss:0.0121
INFO Fit-7-Epo-15@18:51:30 : Epochs:3, Batches:3, in:7, Total:311, Loss:0.6679
INFO Fit-7-Epo-15@18:51:32 : Epochs:3, Batches:4, in:7, Total:312, Loss:0.0091
INFO Fit-7-Epo-15@18:51:34 : Epochs:3, Batches:5, in:7, Total:313, Loss:0.0155
INFO Fit-7-Epo-15@18:51:36 : Epochs:3, Batches:6, in:7, Total:314, Loss:0.0141
INFO Fit-7-Epo-15@18:59:25 : Epochs:3, Batches:7, in:7, Total:315, Loss:0.0177
INFO Fit-7-Epo-15@19:00:52 : Evaluate result: {'Loss': 3.9062202597966946}
INFO Fit-7-Epo-16@19:01:35 : Epochs:1, Batches:1, in:7, Total:316, Loss:0.0128
INFO Fit-7-Epo-16@19:01:36 : Epochs:1, Batches:2, in:7, Total:317, Loss:0.0099
INFO Fit-7-Epo-16@19:01:38 : Epochs:1, Batches:3, in:7, Total:318, Loss:0.5698
INFO Fit-7-Epo-16@19:01:40 : Epochs:1, Batches:4, in:7, Total:319, Loss:0.0128
INFO Fit-7-Epo-16@19:01:42 : Epochs:1, Batches:5, in:7, Total:320, Loss:0.0133
INFO Fit-7-Epo-16@19:01:44 : Epochs:1, Batches:6, in:7, Total:321, Loss:0.0108
INFO Fit-7-Epo-16@19:01:46 : Epochs:1, Batches:7, in:7, Total:322, Loss:0.0120
INFO Fit-7-Epo-16@19:01:47 : Epochs:2, Batches:1, in:7, Total:323, Loss:0.0118
INFO Fit-7-Epo-16@19:01:49 : Epochs:2, Batches:2, in:7, Total:324, Loss:0.0137
INFO Fit-7-Epo-16@19:01:51 : Epochs:2, Batches:3, in:7, Total:325, Loss:0.5090
INFO Fit-7-Epo-16@19:01:53 : Epochs:2, Batches:4, in:7, Total:326, Loss:0.0089
INFO Fit-7-Epo-16@19:01:55 : Epochs:2, Batches:5, in:7, Total:327, Loss:0.0120
INFO Fit-7-Epo-16@19:01:57 : Epochs:2, Batches:6, in:7, Total:328, Loss:0.0088
INFO Fit-7-Epo-16@19:01:59 : Epochs:2, Batches:7, in:7, Total:329, Loss:0.0126
INFO Fit-7-Epo-16@19:02:01 : Epochs:3, Batches:1, in:7, Total:330, Loss:0.0144
INFO Fit-7-Epo-16@19:02:03 : Epochs:3, Batches:2, in:7, Total:331, Loss:0.0116
INFO Fit-7-Epo-16@19:02:05 : Epochs:3, Batches:3, in:7, Total:332, Loss:0.5610
INFO Fit-7-Epo-16@19:02:06 : Epochs:3, Batches:4, in:7, Total:333, Loss:0.0082
INFO Fit-7-Epo-16@19:02:08 : Epochs:3, Batches:5, in:7, Total:334, Loss:0.0123
INFO Fit-7-Epo-16@19:02:10 : Epochs:3, Batches:6, in:7, Total:335, Loss:0.0090
INFO Fit-7-Epo-16@19:10:11 : Epochs:3, Batches:7, in:7, Total:336, Loss:0.0102
INFO Fit-7-Epo-16@19:11:42 : Evaluate result: {'Loss': 3.8155882568496744}
INFO Fit-7-Epo-17@19:12:24 : Epochs:1, Batches:1, in:7, Total:337, Loss:0.0135
INFO Fit-7-Epo-17@19:12:26 : Epochs:1, Batches:2, in:7, Total:338, Loss:0.0151
INFO Fit-7-Epo-17@19:12:28 : Epochs:1, Batches:3, in:7, Total:339, Loss:0.7426
INFO Fit-7-Epo-17@19:12:30 : Epochs:1, Batches:4, in:7, Total:340, Loss:0.0094
INFO Fit-7-Epo-17@19:12:32 : Epochs:1, Batches:5, in:7, Total:341, Loss:0.0154
INFO Fit-7-Epo-17@19:12:34 : Epochs:1, Batches:6, in:7, Total:342, Loss:0.0075
INFO Fit-7-Epo-17@19:12:35 : Epochs:1, Batches:7, in:7, Total:343, Loss:0.0104
INFO Fit-7-Epo-17@19:12:37 : Epochs:2, Batches:1, in:7, Total:344, Loss:0.0142
INFO Fit-7-Epo-17@19:12:39 : Epochs:2, Batches:2, in:7, Total:345, Loss:0.0099
INFO Fit-7-Epo-17@19:12:41 : Epochs:2, Batches:3, in:7, Total:346, Loss:0.6689
INFO Fit-7-Epo-17@19:12:43 : Epochs:2, Batches:4, in:7, Total:347, Loss:0.0057
INFO Fit-7-Epo-17@19:12:45 : Epochs:2, Batches:5, in:7, Total:348, Loss:0.0121
INFO Fit-7-Epo-17@19:12:47 : Epochs:2, Batches:6, in:7, Total:349, Loss:0.0118
INFO Fit-7-Epo-17@19:12:49 : Epochs:2, Batches:7, in:7, Total:350, Loss:0.0172
INFO Fit-7-Epo-17@19:12:51 : Epochs:3, Batches:1, in:7, Total:351, Loss:0.0129
INFO Fit-7-Epo-17@19:12:53 : Epochs:3, Batches:2, in:7, Total:352, Loss:0.0221
INFO Fit-7-Epo-17@19:12:54 : Epochs:3, Batches:3, in:7, Total:353, Loss:0.4349
INFO Fit-7-Epo-17@19:12:57 : Epochs:3, Batches:4, in:7, Total:354, Loss:0.0133
INFO Fit-7-Epo-17@19:12:58 : Epochs:3, Batches:5, in:7, Total:355, Loss:0.0142
INFO Fit-7-Epo-17@19:13:00 : Epochs:3, Batches:6, in:7, Total:356, Loss:0.0084
INFO Fit-7-Epo-17@19:20:57 : Epochs:3, Batches:7, in:7, Total:357, Loss:0.0190
INFO Fit-7-Epo-17@19:22:23 : Evaluate result: {'Loss': 3.747425851210508}
INFO Fit-7-Epo-18@19:23:04 : Epochs:1, Batches:1, in:7, Total:358, Loss:0.0134
INFO Fit-7-Epo-18@19:23:06 : Epochs:1, Batches:2, in:7, Total:359, Loss:0.0114
INFO Fit-7-Epo-18@19:23:08 : Epochs:1, Batches:3, in:7, Total:360, Loss:0.5397
INFO Fit-7-Epo-18@19:23:10 : Epochs:1, Batches:4, in:7, Total:361, Loss:0.0143
INFO Fit-7-Epo-18@19:23:11 : Epochs:1, Batches:5, in:7, Total:362, Loss:0.0153
INFO Fit-7-Epo-18@19:23:13 : Epochs:1, Batches:6, in:7, Total:363, Loss:0.0081
INFO Fit-7-Epo-18@19:23:15 : Epochs:1, Batches:7, in:7, Total:364, Loss:0.0128
INFO Fit-7-Epo-18@19:23:17 : Epochs:2, Batches:1, in:7, Total:365, Loss:0.0172
INFO Fit-7-Epo-18@19:23:19 : Epochs:2, Batches:2, in:7, Total:366, Loss:0.0161
INFO Fit-7-Epo-18@19:23:20 : Epochs:2, Batches:3, in:7, Total:367, Loss:0.3223
INFO Fit-7-Epo-18@19:23:22 : Epochs:2, Batches:4, in:7, Total:368, Loss:0.0107
INFO Fit-7-Epo-18@19:23:24 : Epochs:2, Batches:5, in:7, Total:369, Loss:0.0121
INFO Fit-7-Epo-18@19:23:26 : Epochs:2, Batches:6, in:7, Total:370, Loss:0.0110
INFO Fit-7-Epo-18@19:23:28 : Epochs:2, Batches:7, in:7, Total:371, Loss:0.0148
INFO Fit-7-Epo-18@19:23:29 : Epochs:3, Batches:1, in:7, Total:372, Loss:0.0164
INFO Fit-7-Epo-18@19:23:31 : Epochs:3, Batches:2, in:7, Total:373, Loss:0.0165
INFO Fit-7-Epo-18@19:23:33 : Epochs:3, Batches:3, in:7, Total:374, Loss:0.4089
INFO Fit-7-Epo-18@19:23:35 : Epochs:3, Batches:4, in:7, Total:375, Loss:0.0160
INFO Fit-7-Epo-18@19:23:37 : Epochs:3, Batches:5, in:7, Total:376, Loss:0.0177
INFO Fit-7-Epo-18@19:23:39 : Epochs:3, Batches:6, in:7, Total:377, Loss:0.0077
INFO Fit-7-Epo-18@19:31:42 : Epochs:3, Batches:7, in:7, Total:378, Loss:0.0125
INFO Fit-7-Epo-18@19:33:03 : Evaluate result: {'Loss': 3.7695457667295598}
INFO Fit-7-Epo-19@19:33:42 : Epochs:1, Batches:1, in:7, Total:379, Loss:0.0101
INFO Fit-7-Epo-19@19:33:43 : Epochs:1, Batches:2, in:7, Total:380, Loss:0.0092
INFO Fit-7-Epo-19@19:33:45 : Epochs:1, Batches:3, in:7, Total:381, Loss:0.5242
INFO Fit-7-Epo-19@19:33:47 : Epochs:1, Batches:4, in:7, Total:382, Loss:0.0111
INFO Fit-7-Epo-19@19:33:49 : Epochs:1, Batches:5, in:7, Total:383, Loss:0.0167
INFO Fit-7-Epo-19@19:33:50 : Epochs:1, Batches:6, in:7, Total:384, Loss:0.0075
INFO Fit-7-Epo-19@19:33:52 : Epochs:1, Batches:7, in:7, Total:385, Loss:0.0109
INFO Fit-7-Epo-19@19:33:54 : Epochs:2, Batches:1, in:7, Total:386, Loss:0.0158
INFO Fit-7-Epo-19@19:33:56 : Epochs:2, Batches:2, in:7, Total:387, Loss:0.0176
INFO Fit-7-Epo-19@19:33:57 : Epochs:2, Batches:3, in:7, Total:388, Loss:0.4696
INFO Fit-7-Epo-19@19:33:59 : Epochs:2, Batches:4, in:7, Total:389, Loss:0.0065
INFO Fit-7-Epo-19@19:34:00 : Epochs:2, Batches:5, in:7, Total:390, Loss:0.0065
INFO Fit-7-Epo-19@19:34:02 : Epochs:2, Batches:6, in:7, Total:391, Loss:0.0109
INFO Fit-7-Epo-19@19:34:04 : Epochs:2, Batches:7, in:7, Total:392, Loss:0.0161
INFO Fit-7-Epo-19@19:34:06 : Epochs:3, Batches:1, in:7, Total:393, Loss:0.0105
INFO Fit-7-Epo-19@19:34:07 : Epochs:3, Batches:2, in:7, Total:394, Loss:0.0125
INFO Fit-7-Epo-19@19:34:09 : Epochs:3, Batches:3, in:7, Total:395, Loss:0.5185
INFO Fit-7-Epo-19@19:34:11 : Epochs:3, Batches:4, in:7, Total:396, Loss:0.0093
INFO Fit-7-Epo-19@19:34:12 : Epochs:3, Batches:5, in:7, Total:397, Loss:0.0073
INFO Fit-7-Epo-19@19:34:14 : Epochs:3, Batches:6, in:7, Total:398, Loss:0.0111
INFO Fit-7-Epo-19@19:42:24 : Epochs:3, Batches:7, in:7, Total:399, Loss:0.0092
INFO Fit-7-Epo-19@19:43:56 : Evaluate result: {'Loss': 3.8015928031211716}
INFO Fit-7-Epo-20@19:44:38 : Epochs:1, Batches:1, in:7, Total:400, Loss:0.0141
INFO Fit-7-Epo-20@19:44:40 : Epochs:1, Batches:2, in:7, Total:401, Loss:0.0133
INFO Fit-7-Epo-20@19:44:42 : Epochs:1, Batches:3, in:7, Total:402, Loss:0.6570
INFO Fit-7-Epo-20@19:44:44 : Epochs:1, Batches:4, in:7, Total:403, Loss:0.0216
INFO Fit-7-Epo-20@19:44:45 : Epochs:1, Batches:5, in:7, Total:404, Loss:0.0490
INFO Fit-7-Epo-20@19:44:47 : Epochs:1, Batches:6, in:7, Total:405, Loss:0.0108
INFO Fit-7-Epo-20@19:44:49 : Epochs:1, Batches:7, in:7, Total:406, Loss:0.0144
INFO Fit-7-Epo-20@19:44:51 : Epochs:2, Batches:1, in:7, Total:407, Loss:0.0220
INFO Fit-7-Epo-20@19:44:53 : Epochs:2, Batches:2, in:7, Total:408, Loss:0.0214
INFO Fit-7-Epo-20@19:44:54 : Epochs:2, Batches:3, in:7, Total:409, Loss:0.4410
INFO Fit-7-Epo-20@19:44:56 : Epochs:2, Batches:4, in:7, Total:410, Loss:0.0075
INFO Fit-7-Epo-20@19:44:58 : Epochs:2, Batches:5, in:7, Total:411, Loss:0.0128
INFO Fit-7-Epo-20@19:45:00 : Epochs:2, Batches:6, in:7, Total:412, Loss:0.0152
INFO Fit-7-Epo-20@19:45:01 : Epochs:2, Batches:7, in:7, Total:413, Loss:0.0143
INFO Fit-7-Epo-20@19:45:03 : Epochs:3, Batches:1, in:7, Total:414, Loss:0.0179
INFO Fit-7-Epo-20@19:45:05 : Epochs:3, Batches:2, in:7, Total:415, Loss:0.0115
INFO Fit-7-Epo-20@19:45:07 : Epochs:3, Batches:3, in:7, Total:416, Loss:0.4608
INFO Fit-7-Epo-20@19:45:09 : Epochs:3, Batches:4, in:7, Total:417, Loss:0.0094
INFO Fit-7-Epo-20@19:45:11 : Epochs:3, Batches:5, in:7, Total:418, Loss:0.0132
INFO Fit-7-Epo-20@19:45:13 : Epochs:3, Batches:6, in:7, Total:419, Loss:0.0102
INFO Fit-7-Epo-20@19:53:09 : Epochs:3, Batches:7, in:7, Total:420, Loss:0.0148
INFO Fit-7-Epo-20@19:54:37 : Evaluate result: {'Loss': 3.7616848947002985}
INFO Fit-7-Epo-21@19:55:19 : Epochs:1, Batches:1, in:7, Total:421, Loss:0.0179
INFO Fit-7-Epo-21@19:55:22 : Epochs:1, Batches:2, in:7, Total:422, Loss:0.0092
INFO Fit-7-Epo-21@19:55:24 : Epochs:1, Batches:3, in:7, Total:423, Loss:0.7816
INFO Fit-7-Epo-21@19:55:25 : Epochs:1, Batches:4, in:7, Total:424, Loss:0.0106
INFO Fit-7-Epo-21@19:55:27 : Epochs:1, Batches:5, in:7, Total:425, Loss:0.0117
INFO Fit-7-Epo-21@19:55:29 : Epochs:1, Batches:6, in:7, Total:426, Loss:0.0090
INFO Fit-7-Epo-21@19:55:31 : Epochs:1, Batches:7, in:7, Total:427, Loss:0.0077
INFO Fit-7-Epo-21@19:55:33 : Epochs:2, Batches:1, in:7, Total:428, Loss:0.0159
INFO Fit-7-Epo-21@19:55:35 : Epochs:2, Batches:2, in:7, Total:429, Loss:0.0136
INFO Fit-7-Epo-21@19:55:37 : Epochs:2, Batches:3, in:7, Total:430, Loss:0.6161
INFO Fit-7-Epo-21@19:55:38 : Epochs:2, Batches:4, in:7, Total:431, Loss:0.0127
INFO Fit-7-Epo-21@19:55:41 : Epochs:2, Batches:5, in:7, Total:432, Loss:0.0087
INFO Fit-7-Epo-21@19:55:43 : Epochs:2, Batches:6, in:7, Total:433, Loss:0.0109
INFO Fit-7-Epo-21@19:55:44 : Epochs:2, Batches:7, in:7, Total:434, Loss:0.0106
INFO Fit-7-Epo-21@19:55:46 : Epochs:3, Batches:1, in:7, Total:435, Loss:0.0117
INFO Fit-7-Epo-21@19:55:48 : Epochs:3, Batches:2, in:7, Total:436, Loss:0.0120
INFO Fit-7-Epo-21@19:55:50 : Epochs:3, Batches:3, in:7, Total:437, Loss:0.4872
INFO Fit-7-Epo-21@19:55:52 : Epochs:3, Batches:4, in:7, Total:438, Loss:0.0104
INFO Fit-7-Epo-21@19:55:53 : Epochs:3, Batches:5, in:7, Total:439, Loss:0.0120
INFO Fit-7-Epo-21@19:55:55 : Epochs:3, Batches:6, in:7, Total:440, Loss:0.0102
INFO Fit-7-Epo-21@20:03:57 : Epochs:3, Batches:7, in:7, Total:441, Loss:0.0116
INFO Fit-7-Epo-21@20:05:25 : Evaluate result: {'Loss': 3.739440512877624}
INFO Fit-7-Epo-22@20:06:08 : Epochs:1, Batches:1, in:7, Total:442, Loss:0.0128
INFO Fit-7-Epo-22@20:06:09 : Epochs:1, Batches:2, in:7, Total:443, Loss:0.0098
INFO Fit-7-Epo-22@20:06:11 : Epochs:1, Batches:3, in:7, Total:444, Loss:0.5317
INFO Fit-7-Epo-22@20:06:13 : Epochs:1, Batches:4, in:7, Total:445, Loss:0.0093
INFO Fit-7-Epo-22@20:06:15 : Epochs:1, Batches:5, in:7, Total:446, Loss:0.0193
INFO Fit-7-Epo-22@20:06:16 : Epochs:1, Batches:6, in:7, Total:447, Loss:0.0068
INFO Fit-7-Epo-22@20:06:18 : Epochs:1, Batches:7, in:7, Total:448, Loss:0.0138
INFO Fit-7-Epo-22@20:06:20 : Epochs:2, Batches:1, in:7, Total:449, Loss:0.0128
INFO Fit-7-Epo-22@20:06:22 : Epochs:2, Batches:2, in:7, Total:450, Loss:0.0142
INFO Fit-7-Epo-22@20:06:24 : Epochs:2, Batches:3, in:7, Total:451, Loss:0.3671
INFO Fit-7-Epo-22@20:06:26 : Epochs:2, Batches:4, in:7, Total:452, Loss:0.0098
INFO Fit-7-Epo-22@20:06:28 : Epochs:2, Batches:5, in:7, Total:453, Loss:0.0223
INFO Fit-7-Epo-22@20:06:30 : Epochs:2, Batches:6, in:7, Total:454, Loss:0.0106
INFO Fit-7-Epo-22@20:06:31 : Epochs:2, Batches:7, in:7, Total:455, Loss:0.0114
INFO Fit-7-Epo-22@20:06:33 : Epochs:3, Batches:1, in:7, Total:456, Loss:0.0133
INFO Fit-7-Epo-22@20:06:35 : Epochs:3, Batches:2, in:7, Total:457, Loss:0.0160
INFO Fit-7-Epo-22@20:06:37 : Epochs:3, Batches:3, in:7, Total:458, Loss:0.2729
INFO Fit-7-Epo-22@20:06:39 : Epochs:3, Batches:4, in:7, Total:459, Loss:0.0090
INFO Fit-7-Epo-22@20:06:40 : Epochs:3, Batches:5, in:7, Total:460, Loss:0.0138
INFO Fit-7-Epo-22@20:06:42 : Epochs:3, Batches:6, in:7, Total:461, Loss:0.0116
INFO Fit-7-Epo-22@20:14:39 : Epochs:3, Batches:7, in:7, Total:462, Loss:0.0136
INFO Fit-7-Epo-22@20:16:06 : Evaluate result: {'Loss': 3.7003726125719276}
INFO Fit-7-Epo-23@20:16:50 : Epochs:1, Batches:1, in:7, Total:463, Loss:0.0186
INFO Fit-7-Epo-23@20:16:52 : Epochs:1, Batches:2, in:7, Total:464, Loss:0.0124
INFO Fit-7-Epo-23@20:16:54 : Epochs:1, Batches:3, in:7, Total:465, Loss:0.4419
INFO Fit-7-Epo-23@20:16:56 : Epochs:1, Batches:4, in:7, Total:466, Loss:0.0110
INFO Fit-7-Epo-23@20:16:57 : Epochs:1, Batches:5, in:7, Total:467, Loss:0.0201
INFO Fit-7-Epo-23@20:16:59 : Epochs:1, Batches:6, in:7, Total:468, Loss:0.0075
INFO Fit-7-Epo-23@20:17:01 : Epochs:1, Batches:7, in:7, Total:469, Loss:0.0114
INFO Fit-7-Epo-23@20:17:03 : Epochs:2, Batches:1, in:7, Total:470, Loss:0.0178
INFO Fit-7-Epo-23@20:17:05 : Epochs:2, Batches:2, in:7, Total:471, Loss:0.0131
INFO Fit-7-Epo-23@20:17:07 : Epochs:2, Batches:3, in:7, Total:472, Loss:0.4594
INFO Fit-7-Epo-23@20:17:09 : Epochs:2, Batches:4, in:7, Total:473, Loss:0.0076
INFO Fit-7-Epo-23@20:17:11 : Epochs:2, Batches:5, in:7, Total:474, Loss:0.0225
INFO Fit-7-Epo-23@20:17:13 : Epochs:2, Batches:6, in:7, Total:475, Loss:0.0099
INFO Fit-7-Epo-23@20:17:15 : Epochs:2, Batches:7, in:7, Total:476, Loss:0.0123
INFO Fit-7-Epo-23@20:17:17 : Epochs:3, Batches:1, in:7, Total:477, Loss:0.0120
INFO Fit-7-Epo-23@20:17:18 : Epochs:3, Batches:2, in:7, Total:478, Loss:0.0141
INFO Fit-7-Epo-23@20:17:20 : Epochs:3, Batches:3, in:7, Total:479, Loss:0.2587
INFO Fit-7-Epo-23@20:17:22 : Epochs:3, Batches:4, in:7, Total:480, Loss:0.0125
INFO Fit-7-Epo-23@20:17:24 : Epochs:3, Batches:5, in:7, Total:481, Loss:0.0221
INFO Fit-7-Epo-23@20:17:25 : Epochs:3, Batches:6, in:7, Total:482, Loss:0.0063
INFO Fit-7-Epo-23@20:25:25 : Epochs:3, Batches:7, in:7, Total:483, Loss:0.0100
INFO Fit-7-Epo-23@20:26:47 : Evaluate result: {'Loss': 3.671525609274911}
INFO Fit-7-Epo-24@20:27:26 : Epochs:1, Batches:1, in:7, Total:484, Loss:0.0114
INFO Fit-7-Epo-24@20:27:28 : Epochs:1, Batches:2, in:7, Total:485, Loss:0.0075
INFO Fit-7-Epo-24@20:27:30 : Epochs:1, Batches:3, in:7, Total:486, Loss:0.3039
INFO Fit-7-Epo-24@20:27:31 : Epochs:1, Batches:4, in:7, Total:487, Loss:0.0088
INFO Fit-7-Epo-24@20:27:33 : Epochs:1, Batches:5, in:7, Total:488, Loss:0.0102
INFO Fit-7-Epo-24@20:27:35 : Epochs:1, Batches:6, in:7, Total:489, Loss:0.0104
INFO Fit-7-Epo-24@20:27:37 : Epochs:1, Batches:7, in:7, Total:490, Loss:0.0068
INFO Fit-7-Epo-24@20:27:38 : Epochs:2, Batches:1, in:7, Total:491, Loss:0.0121
INFO Fit-7-Epo-24@20:27:40 : Epochs:2, Batches:2, in:7, Total:492, Loss:0.0107
INFO Fit-7-Epo-24@20:27:42 : Epochs:2, Batches:3, in:7, Total:493, Loss:0.3212
INFO Fit-7-Epo-24@20:27:43 : Epochs:2, Batches:4, in:7, Total:494, Loss:0.0092
INFO Fit-7-Epo-24@20:27:45 : Epochs:2, Batches:5, in:7, Total:495, Loss:0.0154
INFO Fit-7-Epo-24@20:27:47 : Epochs:2, Batches:6, in:7, Total:496, Loss:0.0131
INFO Fit-7-Epo-24@20:27:49 : Epochs:2, Batches:7, in:7, Total:497, Loss:0.0197
INFO Fit-7-Epo-24@20:27:50 : Epochs:3, Batches:1, in:7, Total:498, Loss:0.0137
INFO Fit-7-Epo-24@20:27:52 : Epochs:3, Batches:2, in:7, Total:499, Loss:0.0109
INFO Fit-7-Epo-24@20:27:53 : Epochs:3, Batches:3, in:7, Total:500, Loss:0.2172
INFO Fit-7-Epo-24@20:27:55 : Epochs:3, Batches:4, in:7, Total:501, Loss:0.0124
INFO Fit-7-Epo-24@20:27:57 : Epochs:3, Batches:5, in:7, Total:502, Loss:0.0166
INFO Fit-7-Epo-24@20:27:58 : Epochs:3, Batches:6, in:7, Total:503, Loss:0.0081
INFO Fit-7-Epo-24@20:36:11 : Epochs:3, Batches:7, in:7, Total:504, Loss:0.0113
INFO Fit-7-Epo-24@20:37:42 : Evaluate result: {'Loss': 3.6423220820620528}
INFO Fit-7-Epo-25@20:38:23 : Epochs:1, Batches:1, in:7, Total:505, Loss:0.0135
INFO Fit-7-Epo-25@20:38:25 : Epochs:1, Batches:2, in:7, Total:506, Loss:0.0145
INFO Fit-7-Epo-25@20:38:27 : Epochs:1, Batches:3, in:7, Total:507, Loss:0.2805
INFO Fit-7-Epo-25@20:38:29 : Epochs:1, Batches:4, in:7, Total:508, Loss:0.0065
INFO Fit-7-Epo-25@20:38:31 : Epochs:1, Batches:5, in:7, Total:509, Loss:0.0156
INFO Fit-7-Epo-25@20:38:32 : Epochs:1, Batches:6, in:7, Total:510, Loss:0.0096
INFO Fit-7-Epo-25@20:38:34 : Epochs:1, Batches:7, in:7, Total:511, Loss:0.0142
INFO Fit-7-Epo-25@20:38:36 : Epochs:2, Batches:1, in:7, Total:512, Loss:0.0093
INFO Fit-7-Epo-25@20:38:38 : Epochs:2, Batches:2, in:7, Total:513, Loss:0.0107
INFO Fit-7-Epo-25@20:38:40 : Epochs:2, Batches:3, in:7, Total:514, Loss:0.2751
INFO Fit-7-Epo-25@20:38:42 : Epochs:2, Batches:4, in:7, Total:515, Loss:0.0078
INFO Fit-7-Epo-25@20:38:44 : Epochs:2, Batches:5, in:7, Total:516, Loss:0.0116
INFO Fit-7-Epo-25@20:38:46 : Epochs:2, Batches:6, in:7, Total:517, Loss:0.0131
INFO Fit-7-Epo-25@20:38:48 : Epochs:2, Batches:7, in:7, Total:518, Loss:0.0159
INFO Fit-7-Epo-25@20:38:50 : Epochs:3, Batches:1, in:7, Total:519, Loss:0.0136
INFO Fit-7-Epo-25@20:38:52 : Epochs:3, Batches:2, in:7, Total:520, Loss:0.0076
INFO Fit-7-Epo-25@20:38:54 : Epochs:3, Batches:3, in:7, Total:521, Loss:0.2258
INFO Fit-7-Epo-25@20:38:55 : Epochs:3, Batches:4, in:7, Total:522, Loss:0.0086
INFO Fit-7-Epo-25@20:38:57 : Epochs:3, Batches:5, in:7, Total:523, Loss:0.0131
INFO Fit-7-Epo-25@20:39:00 : Epochs:3, Batches:6, in:7, Total:524, Loss:0.0085
INFO Fit-7-Epo-25@20:46:44 : Epochs:3, Batches:7, in:7, Total:525, Loss:0.0076
INFO Fit-7-Epo-25@20:48:14 : Evaluate result: {'Loss': 3.621710040470417}
INFO Fit-7-Epo-26@20:48:57 : Epochs:1, Batches:1, in:7, Total:526, Loss:0.0333
INFO Fit-7-Epo-26@20:48:58 : Epochs:1, Batches:2, in:7, Total:527, Loss:0.0123
INFO Fit-7-Epo-26@20:49:00 : Epochs:1, Batches:3, in:7, Total:528, Loss:0.8515
INFO Fit-7-Epo-26@20:49:02 : Epochs:1, Batches:4, in:7, Total:529, Loss:0.0073
INFO Fit-7-Epo-26@20:49:03 : Epochs:1, Batches:5, in:7, Total:530, Loss:0.0128
INFO Fit-7-Epo-26@20:49:05 : Epochs:1, Batches:6, in:7, Total:531, Loss:0.0079
INFO Fit-7-Epo-26@20:49:07 : Epochs:1, Batches:7, in:7, Total:532, Loss:0.0057
INFO Fit-7-Epo-26@20:49:09 : Epochs:2, Batches:1, in:7, Total:533, Loss:0.0167
INFO Fit-7-Epo-26@20:49:10 : Epochs:2, Batches:2, in:7, Total:534, Loss:0.0150
INFO Fit-7-Epo-26@20:49:12 : Epochs:2, Batches:3, in:7, Total:535, Loss:0.5588
INFO Fit-7-Epo-26@20:49:14 : Epochs:2, Batches:4, in:7, Total:536, Loss:0.0101
INFO Fit-7-Epo-26@20:49:16 : Epochs:2, Batches:5, in:7, Total:537, Loss:0.0172
INFO Fit-7-Epo-26@20:49:18 : Epochs:2, Batches:6, in:7, Total:538, Loss:0.0079
INFO Fit-7-Epo-26@20:49:19 : Epochs:2, Batches:7, in:7, Total:539, Loss:0.0143
INFO Fit-7-Epo-26@20:49:21 : Epochs:3, Batches:1, in:7, Total:540, Loss:0.0129
INFO Fit-7-Epo-26@20:49:23 : Epochs:3, Batches:2, in:7, Total:541, Loss:0.0163
INFO Fit-7-Epo-26@20:49:25 : Epochs:3, Batches:3, in:7, Total:542, Loss:0.4722
INFO Fit-7-Epo-26@20:49:27 : Epochs:3, Batches:4, in:7, Total:543, Loss:0.0107
INFO Fit-7-Epo-26@20:49:28 : Epochs:3, Batches:5, in:7, Total:544, Loss:0.0118
INFO Fit-7-Epo-26@20:49:30 : Epochs:3, Batches:6, in:7, Total:545, Loss:0.0071
INFO Fit-7-Epo-26@20:57:28 : Epochs:3, Batches:7, in:7, Total:546, Loss:0.0096
INFO Fit-7-Epo-26@20:58:52 : Evaluate result: {'Loss': 3.753547080787867}
INFO Fit-7-Epo-27@20:59:33 : Epochs:1, Batches:1, in:7, Total:547, Loss:0.0183
INFO Fit-7-Epo-27@20:59:35 : Epochs:1, Batches:2, in:7, Total:548, Loss:0.0056
INFO Fit-7-Epo-27@20:59:37 : Epochs:1, Batches:3, in:7, Total:549, Loss:0.5783
INFO Fit-7-Epo-27@20:59:38 : Epochs:1, Batches:4, in:7, Total:550, Loss:0.0075
INFO Fit-7-Epo-27@20:59:40 : Epochs:1, Batches:5, in:7, Total:551, Loss:0.0159
INFO Fit-7-Epo-27@20:59:42 : Epochs:1, Batches:6, in:7, Total:552, Loss:0.0098
INFO Fit-7-Epo-27@20:59:43 : Epochs:1, Batches:7, in:7, Total:553, Loss:0.0097
INFO Fit-7-Epo-27@20:59:45 : Epochs:2, Batches:1, in:7, Total:554, Loss:0.0091
INFO Fit-7-Epo-27@20:59:47 : Epochs:2, Batches:2, in:7, Total:555, Loss:0.0100
INFO Fit-7-Epo-27@20:59:49 : Epochs:2, Batches:3, in:7, Total:556, Loss:0.3579
INFO Fit-7-Epo-27@20:59:51 : Epochs:2, Batches:4, in:7, Total:557, Loss:0.0087
INFO Fit-7-Epo-27@20:59:53 : Epochs:2, Batches:5, in:7, Total:558, Loss:0.0150
INFO Fit-7-Epo-27@20:59:54 : Epochs:2, Batches:6, in:7, Total:559, Loss:0.0120
INFO Fit-7-Epo-27@20:59:56 : Epochs:2, Batches:7, in:7, Total:560, Loss:0.0166
INFO Fit-7-Epo-27@20:59:57 : Epochs:3, Batches:1, in:7, Total:561, Loss:0.0147
INFO Fit-7-Epo-27@20:59:59 : Epochs:3, Batches:2, in:7, Total:562, Loss:0.0105
INFO Fit-7-Epo-27@21:00:01 : Epochs:3, Batches:3, in:7, Total:563, Loss:0.3304
INFO Fit-7-Epo-27@21:00:03 : Epochs:3, Batches:4, in:7, Total:564, Loss:0.0120
INFO Fit-7-Epo-27@21:00:05 : Epochs:3, Batches:5, in:7, Total:565, Loss:0.0122
INFO Fit-7-Epo-27@21:00:06 : Epochs:3, Batches:6, in:7, Total:566, Loss:0.0108
INFO Fit-7-Epo-27@21:08:06 : Epochs:3, Batches:7, in:7, Total:567, Loss:0.0123
INFO Fit-7-Epo-27@21:09:31 : Evaluate result: {'Loss': 3.7431246321232763}
INFO Fit-7-Epo-28@21:10:12 : Epochs:1, Batches:1, in:7, Total:568, Loss:0.0079
INFO Fit-7-Epo-28@21:10:14 : Epochs:1, Batches:2, in:7, Total:569, Loss:0.0100
INFO Fit-7-Epo-28@21:10:16 : Epochs:1, Batches:3, in:7, Total:570, Loss:0.2533
INFO Fit-7-Epo-28@21:10:17 : Epochs:1, Batches:4, in:7, Total:571, Loss:0.0068
INFO Fit-7-Epo-28@21:10:19 : Epochs:1, Batches:5, in:7, Total:572, Loss:0.0099
INFO Fit-7-Epo-28@21:10:20 : Epochs:1, Batches:6, in:7, Total:573, Loss:0.0132
INFO Fit-7-Epo-28@21:10:22 : Epochs:1, Batches:7, in:7, Total:574, Loss:0.0088
INFO Fit-7-Epo-28@21:10:24 : Epochs:2, Batches:1, in:7, Total:575, Loss:0.0110
INFO Fit-7-Epo-28@21:10:26 : Epochs:2, Batches:2, in:7, Total:576, Loss:0.0118
INFO Fit-7-Epo-28@21:10:27 : Epochs:2, Batches:3, in:7, Total:577, Loss:0.1590
INFO Fit-7-Epo-28@21:10:29 : Epochs:2, Batches:4, in:7, Total:578, Loss:0.0086
INFO Fit-7-Epo-28@21:10:31 : Epochs:2, Batches:5, in:7, Total:579, Loss:0.0108
INFO Fit-7-Epo-28@21:10:33 : Epochs:2, Batches:6, in:7, Total:580, Loss:0.0125
INFO Fit-7-Epo-28@21:10:35 : Epochs:2, Batches:7, in:7, Total:581, Loss:0.0123
INFO Fit-7-Epo-28@21:10:36 : Epochs:3, Batches:1, in:7, Total:582, Loss:0.0134
INFO Fit-7-Epo-28@21:10:38 : Epochs:3, Batches:2, in:7, Total:583, Loss:0.0079
INFO Fit-7-Epo-28@21:10:40 : Epochs:3, Batches:3, in:7, Total:584, Loss:0.1774
INFO Fit-7-Epo-28@21:10:42 : Epochs:3, Batches:4, in:7, Total:585, Loss:0.0067
INFO Fit-7-Epo-28@21:10:43 : Epochs:3, Batches:5, in:7, Total:586, Loss:0.0149
INFO Fit-7-Epo-28@21:10:45 : Epochs:3, Batches:6, in:7, Total:587, Loss:0.0079
INFO Fit-7-Epo-28@21:18:46 : Epochs:3, Batches:7, in:7, Total:588, Loss:0.0076
INFO Fit-7-Epo-28@21:20:13 : Evaluate result: {'Loss': 3.606540218417199}
INFO Fit-7-Epo-29@21:20:56 : Epochs:1, Batches:1, in:7, Total:589, Loss:0.0150
INFO Fit-7-Epo-29@21:20:58 : Epochs:1, Batches:2, in:7, Total:590, Loss:0.0086
INFO Fit-7-Epo-29@21:21:00 : Epochs:1, Batches:3, in:7, Total:591, Loss:0.3237
INFO Fit-7-Epo-29@21:21:01 : Epochs:1, Batches:4, in:7, Total:592, Loss:0.0086
INFO Fit-7-Epo-29@21:21:03 : Epochs:1, Batches:5, in:7, Total:593, Loss:0.0142
INFO Fit-7-Epo-29@21:21:05 : Epochs:1, Batches:6, in:7, Total:594, Loss:0.0109
INFO Fit-7-Epo-29@21:21:07 : Epochs:1, Batches:7, in:7, Total:595, Loss:0.0093
INFO Fit-7-Epo-29@21:21:09 : Epochs:2, Batches:1, in:7, Total:596, Loss:0.0122
INFO Fit-7-Epo-29@21:21:10 : Epochs:2, Batches:2, in:7, Total:597, Loss:0.0113
INFO Fit-7-Epo-29@21:21:12 : Epochs:2, Batches:3, in:7, Total:598, Loss:0.2866
INFO Fit-7-Epo-29@21:21:14 : Epochs:2, Batches:4, in:7, Total:599, Loss:0.0080
INFO Fit-7-Epo-29@21:21:16 : Epochs:2, Batches:5, in:7, Total:600, Loss:0.0080
INFO Fit-7-Epo-29@21:21:18 : Epochs:2, Batches:6, in:7, Total:601, Loss:0.0113
INFO Fit-7-Epo-29@21:21:20 : Epochs:2, Batches:7, in:7, Total:602, Loss:0.0082
INFO Fit-7-Epo-29@21:21:22 : Epochs:3, Batches:1, in:7, Total:603, Loss:0.0109
INFO Fit-7-Epo-29@21:21:24 : Epochs:3, Batches:2, in:7, Total:604, Loss:0.0080
INFO Fit-7-Epo-29@21:21:25 : Epochs:3, Batches:3, in:7, Total:605, Loss:0.2295
INFO Fit-7-Epo-29@21:21:27 : Epochs:3, Batches:4, in:7, Total:606, Loss:0.0083
INFO Fit-7-Epo-29@21:21:29 : Epochs:3, Batches:5, in:7, Total:607, Loss:0.0111
INFO Fit-7-Epo-29@21:21:31 : Epochs:3, Batches:6, in:7, Total:608, Loss:0.0109
INFO Fit-7-Epo-29@21:29:21 : Epochs:3, Batches:7, in:7, Total:609, Loss:0.0090
INFO Fit-7-Epo-29@21:30:47 : Evaluate result: {'Loss': 3.6397150553542668}
INFO Fit-7-Epo-30@21:31:29 : Epochs:1, Batches:1, in:7, Total:610, Loss:0.0109
INFO Fit-7-Epo-30@21:31:30 : Epochs:1, Batches:2, in:7, Total:611, Loss:0.0070
INFO Fit-7-Epo-30@21:31:32 : Epochs:1, Batches:3, in:7, Total:612, Loss:0.3472
INFO Fit-7-Epo-30@21:31:34 : Epochs:1, Batches:4, in:7, Total:613, Loss:0.0050
INFO Fit-7-Epo-30@21:31:36 : Epochs:1, Batches:5, in:7, Total:614, Loss:0.0062
INFO Fit-7-Epo-30@21:31:38 : Epochs:1, Batches:6, in:7, Total:615, Loss:0.0068
INFO Fit-7-Epo-30@21:31:40 : Epochs:1, Batches:7, in:7, Total:616, Loss:0.0093
INFO Fit-7-Epo-30@21:31:42 : Epochs:2, Batches:1, in:7, Total:617, Loss:0.0085
INFO Fit-7-Epo-30@21:31:44 : Epochs:2, Batches:2, in:7, Total:618, Loss:0.0060
INFO Fit-7-Epo-30@21:31:46 : Epochs:2, Batches:3, in:7, Total:619, Loss:0.2235
INFO Fit-7-Epo-30@21:31:48 : Epochs:2, Batches:4, in:7, Total:620, Loss:0.0074
INFO Fit-7-Epo-30@21:31:49 : Epochs:2, Batches:5, in:7, Total:621, Loss:0.0080
INFO Fit-7-Epo-30@21:31:51 : Epochs:2, Batches:6, in:7, Total:622, Loss:0.0105
INFO Fit-7-Epo-30@21:31:53 : Epochs:2, Batches:7, in:7, Total:623, Loss:0.0086
INFO Fit-7-Epo-30@21:31:55 : Epochs:3, Batches:1, in:7, Total:624, Loss:0.0087
INFO Fit-7-Epo-30@21:31:57 : Epochs:3, Batches:2, in:7, Total:625, Loss:0.0071
INFO Fit-7-Epo-30@21:31:59 : Epochs:3, Batches:3, in:7, Total:626, Loss:0.2746
INFO Fit-7-Epo-30@21:32:01 : Epochs:3, Batches:4, in:7, Total:627, Loss:0.0069
INFO Fit-7-Epo-30@21:32:02 : Epochs:3, Batches:5, in:7, Total:628, Loss:0.0078
INFO Fit-7-Epo-30@21:32:04 : Epochs:3, Batches:6, in:7, Total:629, Loss:0.0115
INFO Fit-7-Epo-30@21:40:05 : Epochs:3, Batches:7, in:7, Total:630, Loss:0.0063
INFO Fit-7-Epo-30@21:41:32 : Evaluate result: {'Loss': 3.5913687261702014}
INFO Fit-7-Epo-31@21:42:12 : Epochs:1, Batches:1, in:7, Total:631, Loss:0.0096
INFO Fit-7-Epo-31@21:42:14 : Epochs:1, Batches:2, in:7, Total:632, Loss:0.0091
INFO Fit-7-Epo-31@21:42:15 : Epochs:1, Batches:3, in:7, Total:633, Loss:0.2299
INFO Fit-7-Epo-31@21:42:17 : Epochs:1, Batches:4, in:7, Total:634, Loss:0.0067
INFO Fit-7-Epo-31@21:42:19 : Epochs:1, Batches:5, in:7, Total:635, Loss:0.0078
INFO Fit-7-Epo-31@21:42:20 : Epochs:1, Batches:6, in:7, Total:636, Loss:0.0098
INFO Fit-7-Epo-31@21:42:22 : Epochs:1, Batches:7, in:7, Total:637, Loss:0.0123
INFO Fit-7-Epo-31@21:42:24 : Epochs:2, Batches:1, in:7, Total:638, Loss:0.0102
INFO Fit-7-Epo-31@21:42:25 : Epochs:2, Batches:2, in:7, Total:639, Loss:0.0044
INFO Fit-7-Epo-31@21:42:27 : Epochs:2, Batches:3, in:7, Total:640, Loss:0.2282
INFO Fit-7-Epo-31@21:42:29 : Epochs:2, Batches:4, in:7, Total:641, Loss:0.0088
INFO Fit-7-Epo-31@21:42:30 : Epochs:2, Batches:5, in:7, Total:642, Loss:0.0117
INFO Fit-7-Epo-31@21:42:32 : Epochs:2, Batches:6, in:7, Total:643, Loss:0.0104
INFO Fit-7-Epo-31@21:42:33 : Epochs:2, Batches:7, in:7, Total:644, Loss:0.0080
INFO Fit-7-Epo-31@21:42:35 : Epochs:3, Batches:1, in:7, Total:645, Loss:0.0073
INFO Fit-7-Epo-31@21:42:36 : Epochs:3, Batches:2, in:7, Total:646, Loss:0.0073
INFO Fit-7-Epo-31@21:42:38 : Epochs:3, Batches:3, in:7, Total:647, Loss:0.2192
INFO Fit-7-Epo-31@21:42:40 : Epochs:3, Batches:4, in:7, Total:648, Loss:0.0094
INFO Fit-7-Epo-31@21:42:41 : Epochs:3, Batches:5, in:7, Total:649, Loss:0.0104
INFO Fit-7-Epo-31@21:42:43 : Epochs:3, Batches:6, in:7, Total:650, Loss:0.0067
INFO Fit-7-Epo-31@21:50:47 : Epochs:3, Batches:7, in:7, Total:651, Loss:0.0085
INFO Fit-7-Epo-31@21:52:13 : Evaluate result: {'Loss': 3.583961536977358}
INFO Fit-7-Epo-32@21:52:53 : Epochs:1, Batches:1, in:7, Total:652, Loss:0.0191
INFO Fit-7-Epo-32@21:52:55 : Epochs:1, Batches:2, in:7, Total:653, Loss:0.0135
INFO Fit-7-Epo-32@21:52:57 : Epochs:1, Batches:3, in:7, Total:654, Loss:0.5001
INFO Fit-7-Epo-32@21:52:59 : Epochs:1, Batches:4, in:7, Total:655, Loss:0.0235
INFO Fit-7-Epo-32@21:53:00 : Epochs:1, Batches:5, in:7, Total:656, Loss:0.0512
INFO Fit-7-Epo-32@21:53:02 : Epochs:1, Batches:6, in:7, Total:657, Loss:0.0109
INFO Fit-7-Epo-32@21:53:04 : Epochs:1, Batches:7, in:7, Total:658, Loss:0.0118
INFO Fit-7-Epo-32@21:53:06 : Epochs:2, Batches:1, in:7, Total:659, Loss:0.0189
INFO Fit-7-Epo-32@21:53:08 : Epochs:2, Batches:2, in:7, Total:660, Loss:0.0178
INFO Fit-7-Epo-32@21:53:09 : Epochs:2, Batches:3, in:7, Total:661, Loss:0.3671
INFO Fit-7-Epo-32@21:53:11 : Epochs:2, Batches:4, in:7, Total:662, Loss:0.0049
INFO Fit-7-Epo-32@21:53:13 : Epochs:2, Batches:5, in:7, Total:663, Loss:0.0185
INFO Fit-7-Epo-32@21:53:15 : Epochs:2, Batches:6, in:7, Total:664, Loss:0.0105
INFO Fit-7-Epo-32@21:53:17 : Epochs:2, Batches:7, in:7, Total:665, Loss:0.0115
INFO Fit-7-Epo-32@21:53:18 : Epochs:3, Batches:1, in:7, Total:666, Loss:0.0252
INFO Fit-7-Epo-32@21:53:20 : Epochs:3, Batches:2, in:7, Total:667, Loss:0.0200
INFO Fit-7-Epo-32@21:53:21 : Epochs:3, Batches:3, in:7, Total:668, Loss:0.2242
INFO Fit-7-Epo-32@21:53:23 : Epochs:3, Batches:4, in:7, Total:669, Loss:0.0057
INFO Fit-7-Epo-32@21:53:25 : Epochs:3, Batches:5, in:7, Total:670, Loss:0.0105
INFO Fit-7-Epo-32@21:53:26 : Epochs:3, Batches:6, in:7, Total:671, Loss:0.0088
INFO Fit-7-Epo-32@22:01:22 : Epochs:3, Batches:7, in:7, Total:672, Loss:0.0086
INFO Fit-7-Epo-32@22:02:49 : Evaluate result: {'Loss': 3.661200025126888}
INFO Fit-7-Epo-33@22:03:30 : Epochs:1, Batches:1, in:7, Total:673, Loss:0.0176
INFO Fit-7-Epo-33@22:03:32 : Epochs:1, Batches:2, in:7, Total:674, Loss:0.0088
INFO Fit-7-Epo-33@22:03:34 : Epochs:1, Batches:3, in:7, Total:675, Loss:0.4479
INFO Fit-7-Epo-33@22:03:35 : Epochs:1, Batches:4, in:7, Total:676, Loss:0.0093
INFO Fit-7-Epo-33@22:03:37 : Epochs:1, Batches:5, in:7, Total:677, Loss:0.0140
INFO Fit-7-Epo-33@22:03:38 : Epochs:1, Batches:6, in:7, Total:678, Loss:0.0113
INFO Fit-7-Epo-33@22:03:40 : Epochs:1, Batches:7, in:7, Total:679, Loss:0.0068
INFO Fit-7-Epo-33@22:03:42 : Epochs:2, Batches:1, in:7, Total:680, Loss:0.0121
INFO Fit-7-Epo-33@22:03:44 : Epochs:2, Batches:2, in:7, Total:681, Loss:0.0087
INFO Fit-7-Epo-33@22:03:45 : Epochs:2, Batches:3, in:7, Total:682, Loss:0.2924
INFO Fit-7-Epo-33@22:03:47 : Epochs:2, Batches:4, in:7, Total:683, Loss:0.0073
INFO Fit-7-Epo-33@22:03:49 : Epochs:2, Batches:5, in:7, Total:684, Loss:0.0088
INFO Fit-7-Epo-33@22:03:50 : Epochs:2, Batches:6, in:7, Total:685, Loss:0.0095
INFO Fit-7-Epo-33@22:03:52 : Epochs:2, Batches:7, in:7, Total:686, Loss:0.0131
INFO Fit-7-Epo-33@22:03:54 : Epochs:3, Batches:1, in:7, Total:687, Loss:0.0094
INFO Fit-7-Epo-33@22:03:56 : Epochs:3, Batches:2, in:7, Total:688, Loss:0.0064
INFO Fit-7-Epo-33@22:03:57 : Epochs:3, Batches:3, in:7, Total:689, Loss:0.1879
INFO Fit-7-Epo-33@22:03:59 : Epochs:3, Batches:4, in:7, Total:690, Loss:0.0081
INFO Fit-7-Epo-33@22:04:01 : Epochs:3, Batches:5, in:7, Total:691, Loss:0.0101
INFO Fit-7-Epo-33@22:04:03 : Epochs:3, Batches:6, in:7, Total:692, Loss:0.0073
INFO Fit-7-Epo-33@22:11:59 : Epochs:3, Batches:7, in:7, Total:693, Loss:0.0097
INFO Fit-7-Epo-33@22:13:26 : Evaluate result: {'Loss': 3.6656145313230852}
INFO Fit-7-Epo-34@22:14:07 : Epochs:1, Batches:1, in:7, Total:694, Loss:0.0190
INFO Fit-7-Epo-34@22:14:09 : Epochs:1, Batches:2, in:7, Total:695, Loss:0.0085
INFO Fit-7-Epo-34@22:14:10 : Epochs:1, Batches:3, in:7, Total:696, Loss:0.3489
INFO Fit-7-Epo-34@22:14:12 : Epochs:1, Batches:4, in:7, Total:697, Loss:0.0078
INFO Fit-7-Epo-34@22:14:13 : Epochs:1, Batches:5, in:7, Total:698, Loss:0.0107
INFO Fit-7-Epo-34@22:14:15 : Epochs:1, Batches:6, in:7, Total:699, Loss:0.0099
INFO Fit-7-Epo-34@22:14:17 : Epochs:1, Batches:7, in:7, Total:700, Loss:0.0096
INFO Fit-7-Epo-34@22:14:19 : Epochs:2, Batches:1, in:7, Total:701, Loss:0.0123
INFO Fit-7-Epo-34@22:14:21 : Epochs:2, Batches:2, in:7, Total:702, Loss:0.0180
INFO Fit-7-Epo-34@22:14:23 : Epochs:2, Batches:3, in:7, Total:703, Loss:0.2653
INFO Fit-7-Epo-34@22:14:24 : Epochs:2, Batches:4, in:7, Total:704, Loss:0.0081
INFO Fit-7-Epo-34@22:14:26 : Epochs:2, Batches:5, in:7, Total:705, Loss:0.0167
INFO Fit-7-Epo-34@22:14:28 : Epochs:2, Batches:6, in:7, Total:706, Loss:0.0096
INFO Fit-7-Epo-34@22:14:29 : Epochs:2, Batches:7, in:7, Total:707, Loss:0.0063
INFO Fit-7-Epo-34@22:14:31 : Epochs:3, Batches:1, in:7, Total:708, Loss:0.0077
INFO Fit-7-Epo-34@22:14:33 : Epochs:3, Batches:2, in:7, Total:709, Loss:0.0063
INFO Fit-7-Epo-34@22:14:35 : Epochs:3, Batches:3, in:7, Total:710, Loss:0.2144
INFO Fit-7-Epo-34@22:14:37 : Epochs:3, Batches:4, in:7, Total:711, Loss:0.0084
INFO Fit-7-Epo-34@22:14:39 : Epochs:3, Batches:5, in:7, Total:712, Loss:0.0111
INFO Fit-7-Epo-34@22:14:40 : Epochs:3, Batches:6, in:7, Total:713, Loss:0.0081
INFO Fit-7-Epo-34@22:22:33 : Epochs:3, Batches:7, in:7, Total:714, Loss:0.0077
INFO Fit-7-Epo-34@22:23:58 : Evaluate result: {'Loss': 3.5826204746353754}
INFO Fit-7-Epo-35@22:24:41 : Epochs:1, Batches:1, in:7, Total:715, Loss:0.0094
INFO Fit-7-Epo-35@22:24:42 : Epochs:1, Batches:2, in:7, Total:716, Loss:0.0096
INFO Fit-7-Epo-35@22:24:44 : Epochs:1, Batches:3, in:7, Total:717, Loss:0.4791
INFO Fit-7-Epo-35@22:24:46 : Epochs:1, Batches:4, in:7, Total:718, Loss:0.0085
INFO Fit-7-Epo-35@22:24:48 : Epochs:1, Batches:5, in:7, Total:719, Loss:0.0206
INFO Fit-7-Epo-35@22:24:50 : Epochs:1, Batches:6, in:7, Total:720, Loss:0.0059
INFO Fit-7-Epo-35@22:24:51 : Epochs:1, Batches:7, in:7, Total:721, Loss:0.0100
INFO Fit-7-Epo-35@22:24:53 : Epochs:2, Batches:1, in:7, Total:722, Loss:0.0087
INFO Fit-7-Epo-35@22:24:55 : Epochs:2, Batches:2, in:7, Total:723, Loss:0.0215
INFO Fit-7-Epo-35@22:24:57 : Epochs:2, Batches:3, in:7, Total:724, Loss:0.1667
INFO Fit-7-Epo-35@22:24:59 : Epochs:2, Batches:4, in:7, Total:725, Loss:0.0064
INFO Fit-7-Epo-35@22:25:00 : Epochs:2, Batches:5, in:7, Total:726, Loss:0.0141
INFO Fit-7-Epo-35@22:25:02 : Epochs:2, Batches:6, in:7, Total:727, Loss:0.0118
INFO Fit-7-Epo-35@22:25:03 : Epochs:2, Batches:7, in:7, Total:728, Loss:0.0110
INFO Fit-7-Epo-35@22:25:05 : Epochs:3, Batches:1, in:7, Total:729, Loss:0.0078
INFO Fit-7-Epo-35@22:25:07 : Epochs:3, Batches:2, in:7, Total:730, Loss:0.0061
INFO Fit-7-Epo-35@22:25:08 : Epochs:3, Batches:3, in:7, Total:731, Loss:0.2427
INFO Fit-7-Epo-35@22:25:10 : Epochs:3, Batches:4, in:7, Total:732, Loss:0.0056
INFO Fit-7-Epo-35@22:25:12 : Epochs:3, Batches:5, in:7, Total:733, Loss:0.0133
INFO Fit-7-Epo-35@22:25:14 : Epochs:3, Batches:6, in:7, Total:734, Loss:0.0084
INFO Fit-7-Epo-35@22:32:58 : Epochs:3, Batches:7, in:7, Total:735, Loss:0.0071
INFO Fit-7-Epo-35@22:34:28 : Evaluate result: {'Loss': 3.558958843607184}
INFO Fit-7-Epo-36@22:35:10 : Epochs:1, Batches:1, in:7, Total:736, Loss:0.0136
INFO Fit-7-Epo-36@22:35:12 : Epochs:1, Batches:2, in:7, Total:737, Loss:0.0069
INFO Fit-7-Epo-36@22:35:14 : Epochs:1, Batches:3, in:7, Total:738, Loss:0.1982
INFO Fit-7-Epo-36@22:35:16 : Epochs:1, Batches:4, in:7, Total:739, Loss:0.0038
INFO Fit-7-Epo-36@22:35:18 : Epochs:1, Batches:5, in:7, Total:740, Loss:0.0111
INFO Fit-7-Epo-36@22:35:20 : Epochs:1, Batches:6, in:7, Total:741, Loss:0.0142
INFO Fit-7-Epo-36@22:35:21 : Epochs:1, Batches:7, in:7, Total:742, Loss:0.0106
INFO Fit-7-Epo-36@22:35:23 : Epochs:2, Batches:1, in:7, Total:743, Loss:0.0086
INFO Fit-7-Epo-36@22:35:25 : Epochs:2, Batches:2, in:7, Total:744, Loss:0.0099
INFO Fit-7-Epo-36@22:35:27 : Epochs:2, Batches:3, in:7, Total:745, Loss:0.1427
INFO Fit-7-Epo-36@22:35:28 : Epochs:2, Batches:4, in:7, Total:746, Loss:0.0109
INFO Fit-7-Epo-36@22:35:30 : Epochs:2, Batches:5, in:7, Total:747, Loss:0.0171
INFO Fit-7-Epo-36@22:35:32 : Epochs:2, Batches:6, in:7, Total:748, Loss:0.0104
INFO Fit-7-Epo-36@22:35:34 : Epochs:2, Batches:7, in:7, Total:749, Loss:0.0098
INFO Fit-7-Epo-36@22:35:36 : Epochs:3, Batches:1, in:7, Total:750, Loss:0.0088
INFO Fit-7-Epo-36@22:35:38 : Epochs:3, Batches:2, in:7, Total:751, Loss:0.0086
INFO Fit-7-Epo-36@22:35:40 : Epochs:3, Batches:3, in:7, Total:752, Loss:0.1449
INFO Fit-7-Epo-36@22:35:41 : Epochs:3, Batches:4, in:7, Total:753, Loss:0.0141
INFO Fit-7-Epo-36@22:35:43 : Epochs:3, Batches:5, in:7, Total:754, Loss:0.0114
INFO Fit-7-Epo-36@22:35:45 : Epochs:3, Batches:6, in:7, Total:755, Loss:0.0072
INFO Fit-7-Epo-36@22:43:32 : Epochs:3, Batches:7, in:7, Total:756, Loss:0.0080
INFO Fit-7-Epo-36@22:44:58 : Evaluate result: {'Loss': 3.5447124947243522}
INFO Fit-7-Epo-37@22:45:39 : Epochs:1, Batches:1, in:7, Total:757, Loss:0.0132
INFO Fit-7-Epo-37@22:45:41 : Epochs:1, Batches:2, in:7, Total:758, Loss:0.0064
INFO Fit-7-Epo-37@22:45:42 : Epochs:1, Batches:3, in:7, Total:759, Loss:0.4634
INFO Fit-7-Epo-37@22:45:44 : Epochs:1, Batches:4, in:7, Total:760, Loss:0.0055
INFO Fit-7-Epo-37@22:45:46 : Epochs:1, Batches:5, in:7, Total:761, Loss:0.0119
INFO Fit-7-Epo-37@22:45:48 : Epochs:1, Batches:6, in:7, Total:762, Loss:0.0100
INFO Fit-7-Epo-37@22:45:50 : Epochs:1, Batches:7, in:7, Total:763, Loss:0.0074
INFO Fit-7-Epo-37@22:45:51 : Epochs:2, Batches:1, in:7, Total:764, Loss:0.0071
INFO Fit-7-Epo-37@22:45:53 : Epochs:2, Batches:2, in:7, Total:765, Loss:0.0092
INFO Fit-7-Epo-37@22:45:55 : Epochs:2, Batches:3, in:7, Total:766, Loss:0.1804
INFO Fit-7-Epo-37@22:45:56 : Epochs:2, Batches:4, in:7, Total:767, Loss:0.0083
INFO Fit-7-Epo-37@22:45:58 : Epochs:2, Batches:5, in:7, Total:768, Loss:0.0067
INFO Fit-7-Epo-37@22:46:00 : Epochs:2, Batches:6, in:7, Total:769, Loss:0.0080
INFO Fit-7-Epo-37@22:46:01 : Epochs:2, Batches:7, in:7, Total:770, Loss:0.0111
INFO Fit-7-Epo-37@22:46:03 : Epochs:3, Batches:1, in:7, Total:771, Loss:0.0054
INFO Fit-7-Epo-37@22:46:04 : Epochs:3, Batches:2, in:7, Total:772, Loss:0.0123
INFO Fit-7-Epo-37@22:46:06 : Epochs:3, Batches:3, in:7, Total:773, Loss:0.2060
INFO Fit-7-Epo-37@22:46:08 : Epochs:3, Batches:4, in:7, Total:774, Loss:0.0050
INFO Fit-7-Epo-37@22:46:10 : Epochs:3, Batches:5, in:7, Total:775, Loss:0.0088
INFO Fit-7-Epo-37@22:46:11 : Epochs:3, Batches:6, in:7, Total:776, Loss:0.0087
INFO Fit-7-Epo-37@22:54:05 : Epochs:3, Batches:7, in:7, Total:777, Loss:0.0050
INFO Fit-7-Epo-37@22:55:31 : Evaluate result: {'Loss': 3.5879801394015702}
INFO Fit-7-Epo-38@22:56:14 : Epochs:1, Batches:1, in:7, Total:778, Loss:0.0080
INFO Fit-7-Epo-38@22:56:16 : Epochs:1, Batches:2, in:7, Total:779, Loss:0.0041
INFO Fit-7-Epo-38@22:56:18 : Epochs:1, Batches:3, in:7, Total:780, Loss:0.3311
INFO Fit-7-Epo-38@22:56:20 : Epochs:1, Batches:4, in:7, Total:781, Loss:0.0084
INFO Fit-7-Epo-38@22:56:22 : Epochs:1, Batches:5, in:7, Total:782, Loss:0.0101
INFO Fit-7-Epo-38@22:56:24 : Epochs:1, Batches:6, in:7, Total:783, Loss:0.0077
INFO Fit-7-Epo-38@22:56:26 : Epochs:1, Batches:7, in:7, Total:784, Loss:0.0080
INFO Fit-7-Epo-38@22:56:28 : Epochs:2, Batches:1, in:7, Total:785, Loss:0.0086
INFO Fit-7-Epo-38@22:56:30 : Epochs:2, Batches:2, in:7, Total:786, Loss:0.0092
INFO Fit-7-Epo-38@22:56:32 : Epochs:2, Batches:3, in:7, Total:787, Loss:0.1978
INFO Fit-7-Epo-38@22:56:33 : Epochs:2, Batches:4, in:7, Total:788, Loss:0.0044
INFO Fit-7-Epo-38@22:56:35 : Epochs:2, Batches:5, in:7, Total:789, Loss:0.0141
INFO Fit-7-Epo-38@22:56:37 : Epochs:2, Batches:6, in:7, Total:790, Loss:0.0097
INFO Fit-7-Epo-38@22:56:39 : Epochs:2, Batches:7, in:7, Total:791, Loss:0.0093
INFO Fit-7-Epo-38@22:56:41 : Epochs:3, Batches:1, in:7, Total:792, Loss:0.0111
INFO Fit-7-Epo-38@22:56:42 : Epochs:3, Batches:2, in:7, Total:793, Loss:0.0068
INFO Fit-7-Epo-38@22:56:44 : Epochs:3, Batches:3, in:7, Total:794, Loss:0.2004
INFO Fit-7-Epo-38@22:56:46 : Epochs:3, Batches:4, in:7, Total:795, Loss:0.0088
INFO Fit-7-Epo-38@22:56:48 : Epochs:3, Batches:5, in:7, Total:796, Loss:0.0119
INFO Fit-7-Epo-38@22:56:50 : Epochs:3, Batches:6, in:7, Total:797, Loss:0.0088
INFO Fit-7-Epo-38@23:04:44 : Epochs:3, Batches:7, in:7, Total:798, Loss:0.0116
INFO Fit-7-Epo-38@23:06:10 : Evaluate result: {'Loss': 3.5030119798314843}
INFO Fit-7-Epo-39@23:06:52 : Epochs:1, Batches:1, in:7, Total:799, Loss:0.0218
INFO Fit-7-Epo-39@23:06:54 : Epochs:1, Batches:2, in:7, Total:800, Loss:0.0095
INFO Fit-7-Epo-39@23:06:56 : Epochs:1, Batches:3, in:7, Total:801, Loss:0.6088
INFO Fit-7-Epo-39@23:06:58 : Epochs:1, Batches:4, in:7, Total:802, Loss:0.0136
INFO Fit-7-Epo-39@23:06:59 : Epochs:1, Batches:5, in:7, Total:803, Loss:0.0198
INFO Fit-7-Epo-39@23:07:01 : Epochs:1, Batches:6, in:7, Total:804, Loss:0.0073
INFO Fit-7-Epo-39@23:07:03 : Epochs:1, Batches:7, in:7, Total:805, Loss:0.0103
INFO Fit-7-Epo-39@23:07:05 : Epochs:2, Batches:1, in:7, Total:806, Loss:0.0083
INFO Fit-7-Epo-39@23:07:07 : Epochs:2, Batches:2, in:7, Total:807, Loss:0.0198
INFO Fit-7-Epo-39@23:07:09 : Epochs:2, Batches:3, in:7, Total:808, Loss:0.3546
INFO Fit-7-Epo-39@23:07:11 : Epochs:2, Batches:4, in:7, Total:809, Loss:0.0067
INFO Fit-7-Epo-39@23:07:13 : Epochs:2, Batches:5, in:7, Total:810, Loss:0.0090
INFO Fit-7-Epo-39@23:07:14 : Epochs:2, Batches:6, in:7, Total:811, Loss:0.0137
INFO Fit-7-Epo-39@23:07:16 : Epochs:2, Batches:7, in:7, Total:812, Loss:0.0070
INFO Fit-7-Epo-39@23:07:18 : Epochs:3, Batches:1, in:7, Total:813, Loss:0.0067
INFO Fit-7-Epo-39@23:07:20 : Epochs:3, Batches:2, in:7, Total:814, Loss:0.0089
INFO Fit-7-Epo-39@23:07:22 : Epochs:3, Batches:3, in:7, Total:815, Loss:0.2577
INFO Fit-7-Epo-39@23:07:24 : Epochs:3, Batches:4, in:7, Total:816, Loss:0.0109
INFO Fit-7-Epo-39@23:07:26 : Epochs:3, Batches:5, in:7, Total:817, Loss:0.0122
INFO Fit-7-Epo-39@23:07:27 : Epochs:3, Batches:6, in:7, Total:818, Loss:0.0073
INFO Fit-7-Epo-39@23:15:18 : Epochs:3, Batches:7, in:7, Total:819, Loss:0.0069
INFO Fit-7-Epo-39@23:16:45 : Evaluate result: {'Loss': 3.594671179170201}
INFO Fit-7-Epo-40@23:17:25 : Epochs:1, Batches:1, in:7, Total:820, Loss:0.0151
INFO Fit-7-Epo-40@23:17:27 : Epochs:1, Batches:2, in:7, Total:821, Loss:0.0048
INFO Fit-7-Epo-40@23:17:29 : Epochs:1, Batches:3, in:7, Total:822, Loss:0.2322
INFO Fit-7-Epo-40@23:17:31 : Epochs:1, Batches:4, in:7, Total:823, Loss:0.0048
INFO Fit-7-Epo-40@23:17:32 : Epochs:1, Batches:5, in:7, Total:824, Loss:0.0077
INFO Fit-7-Epo-40@23:17:34 : Epochs:1, Batches:6, in:7, Total:825, Loss:0.0078
INFO Fit-7-Epo-40@23:17:36 : Epochs:1, Batches:7, in:7, Total:826, Loss:0.0087
INFO Fit-7-Epo-40@23:17:38 : Epochs:2, Batches:1, in:7, Total:827, Loss:0.0068
INFO Fit-7-Epo-40@23:17:40 : Epochs:2, Batches:2, in:7, Total:828, Loss:0.0094
INFO Fit-7-Epo-40@23:17:41 : Epochs:2, Batches:3, in:7, Total:829, Loss:0.1664
INFO Fit-7-Epo-40@23:17:43 : Epochs:2, Batches:4, in:7, Total:830, Loss:0.0064
INFO Fit-7-Epo-40@23:17:45 : Epochs:2, Batches:5, in:7, Total:831, Loss:0.0070
INFO Fit-7-Epo-40@23:17:47 : Epochs:2, Batches:6, in:7, Total:832, Loss:0.0079
INFO Fit-7-Epo-40@23:17:49 : Epochs:2, Batches:7, in:7, Total:833, Loss:0.0163
INFO Fit-7-Epo-40@23:17:51 : Epochs:3, Batches:1, in:7, Total:834, Loss:0.0100
INFO Fit-7-Epo-40@23:17:53 : Epochs:3, Batches:2, in:7, Total:835, Loss:0.0072
INFO Fit-7-Epo-40@23:17:54 : Epochs:3, Batches:3, in:7, Total:836, Loss:0.1521
INFO Fit-7-Epo-40@23:17:56 : Epochs:3, Batches:4, in:7, Total:837, Loss:0.0066
INFO Fit-7-Epo-40@23:17:58 : Epochs:3, Batches:5, in:7, Total:838, Loss:0.0103
INFO Fit-7-Epo-40@23:17:59 : Epochs:3, Batches:6, in:7, Total:839, Loss:0.0097
INFO Fit-7-Epo-40@23:25:51 : Epochs:3, Batches:7, in:7, Total:840, Loss:0.0081
INFO Fit-7-Epo-40@23:27:17 : Evaluate result: {'Loss': 3.5274836093975104}
INFO Fit-7-Epo-41@23:27:59 : Epochs:1, Batches:1, in:7, Total:841, Loss:0.0185
INFO Fit-7-Epo-41@23:28:01 : Epochs:1, Batches:2, in:7, Total:842, Loss:0.0143
INFO Fit-7-Epo-41@23:28:03 : Epochs:1, Batches:3, in:7, Total:843, Loss:0.5040
INFO Fit-7-Epo-41@23:28:05 : Epochs:1, Batches:4, in:7, Total:844, Loss:0.0078
INFO Fit-7-Epo-41@23:28:07 : Epochs:1, Batches:5, in:7, Total:845, Loss:0.0169
INFO Fit-7-Epo-41@23:28:08 : Epochs:1, Batches:6, in:7, Total:846, Loss:0.0117
INFO Fit-7-Epo-41@23:28:10 : Epochs:1, Batches:7, in:7, Total:847, Loss:0.0100
INFO Fit-7-Epo-41@23:28:12 : Epochs:2, Batches:1, in:7, Total:848, Loss:0.0137
INFO Fit-7-Epo-41@23:28:14 : Epochs:2, Batches:2, in:7, Total:849, Loss:0.0146
INFO Fit-7-Epo-41@23:28:16 : Epochs:2, Batches:3, in:7, Total:850, Loss:0.2187
INFO Fit-7-Epo-41@23:28:17 : Epochs:2, Batches:4, in:7, Total:851, Loss:0.0073
INFO Fit-7-Epo-41@23:28:19 : Epochs:2, Batches:5, in:7, Total:852, Loss:0.0140
INFO Fit-7-Epo-41@23:28:21 : Epochs:2, Batches:6, in:7, Total:853, Loss:0.0076
INFO Fit-7-Epo-41@23:28:22 : Epochs:2, Batches:7, in:7, Total:854, Loss:0.0076
INFO Fit-7-Epo-41@23:28:24 : Epochs:3, Batches:1, in:7, Total:855, Loss:0.0122
INFO Fit-7-Epo-41@23:28:26 : Epochs:3, Batches:2, in:7, Total:856, Loss:0.0052
INFO Fit-7-Epo-41@23:28:28 : Epochs:3, Batches:3, in:7, Total:857, Loss:0.2674
INFO Fit-7-Epo-41@23:28:29 : Epochs:3, Batches:4, in:7, Total:858, Loss:0.0144
INFO Fit-7-Epo-41@23:28:31 : Epochs:3, Batches:5, in:7, Total:859, Loss:0.0189
INFO Fit-7-Epo-41@23:28:33 : Epochs:3, Batches:6, in:7, Total:860, Loss:0.0073
INFO Fit-7-Epo-41@23:36:25 : Epochs:3, Batches:7, in:7, Total:861, Loss:0.0105
INFO Fit-7-Epo-41@23:37:50 : Evaluate result: {'Loss': 3.5480855864018084}
INFO Fit-7-Epo-42@23:38:30 : Epochs:1, Batches:1, in:7, Total:862, Loss:0.0216
INFO Fit-7-Epo-42@23:38:32 : Epochs:1, Batches:2, in:7, Total:863, Loss:0.0076
INFO Fit-7-Epo-42@23:38:34 : Epochs:1, Batches:3, in:7, Total:864, Loss:0.3620
INFO Fit-7-Epo-42@23:38:36 : Epochs:1, Batches:4, in:7, Total:865, Loss:0.0116
INFO Fit-7-Epo-42@23:38:37 : Epochs:1, Batches:5, in:7, Total:866, Loss:0.0096
INFO Fit-7-Epo-42@23:38:39 : Epochs:1, Batches:6, in:7, Total:867, Loss:0.0070
INFO Fit-7-Epo-42@23:38:41 : Epochs:1, Batches:7, in:7, Total:868, Loss:0.0063
INFO Fit-7-Epo-42@23:38:43 : Epochs:2, Batches:1, in:7, Total:869, Loss:0.0155
INFO Fit-7-Epo-42@23:38:44 : Epochs:2, Batches:2, in:7, Total:870, Loss:0.0098
INFO Fit-7-Epo-42@23:38:46 : Epochs:2, Batches:3, in:7, Total:871, Loss:0.2628
INFO Fit-7-Epo-42@23:38:47 : Epochs:2, Batches:4, in:7, Total:872, Loss:0.0048
INFO Fit-7-Epo-42@23:38:49 : Epochs:2, Batches:5, in:7, Total:873, Loss:0.0098
INFO Fit-7-Epo-42@23:38:51 : Epochs:2, Batches:6, in:7, Total:874, Loss:0.0075
INFO Fit-7-Epo-42@23:38:52 : Epochs:2, Batches:7, in:7, Total:875, Loss:0.0099
INFO Fit-7-Epo-42@23:38:54 : Epochs:3, Batches:1, in:7, Total:876, Loss:0.0200
INFO Fit-7-Epo-42@23:38:56 : Epochs:3, Batches:2, in:7, Total:877, Loss:0.0081
INFO Fit-7-Epo-42@23:38:57 : Epochs:3, Batches:3, in:7, Total:878, Loss:0.1643
INFO Fit-7-Epo-42@23:38:59 : Epochs:3, Batches:4, in:7, Total:879, Loss:0.0072
INFO Fit-7-Epo-42@23:39:00 : Epochs:3, Batches:5, in:7, Total:880, Loss:0.0052
INFO Fit-7-Epo-42@23:39:03 : Epochs:3, Batches:6, in:7, Total:881, Loss:0.0076
INFO Fit-7-Epo-42@23:46:56 : Epochs:3, Batches:7, in:7, Total:882, Loss:0.0061
INFO Fit-7-Epo-42@23:48:25 : Evaluate result: {'Loss': 3.56051708357638}
INFO Fit-7-Epo-43@23:49:06 : Epochs:1, Batches:1, in:7, Total:883, Loss:0.0182
INFO Fit-7-Epo-43@23:49:07 : Epochs:1, Batches:2, in:7, Total:884, Loss:0.0043
INFO Fit-7-Epo-43@23:49:09 : Epochs:1, Batches:3, in:7, Total:885, Loss:0.3327
INFO Fit-7-Epo-43@23:49:11 : Epochs:1, Batches:4, in:7, Total:886, Loss:0.0051
INFO Fit-7-Epo-43@23:49:13 : Epochs:1, Batches:5, in:7, Total:887, Loss:0.0099
INFO Fit-7-Epo-43@23:49:15 : Epochs:1, Batches:6, in:7, Total:888, Loss:0.0067
INFO Fit-7-Epo-43@23:49:17 : Epochs:1, Batches:7, in:7, Total:889, Loss:0.0052
INFO Fit-7-Epo-43@23:49:19 : Epochs:2, Batches:1, in:7, Total:890, Loss:0.0126
INFO Fit-7-Epo-43@23:49:21 : Epochs:2, Batches:2, in:7, Total:891, Loss:0.0042
INFO Fit-7-Epo-43@23:49:23 : Epochs:2, Batches:3, in:7, Total:892, Loss:0.3360
INFO Fit-7-Epo-43@23:49:24 : Epochs:2, Batches:4, in:7, Total:893, Loss:0.0058
INFO Fit-7-Epo-43@23:49:26 : Epochs:2, Batches:5, in:7, Total:894, Loss:0.0128
INFO Fit-7-Epo-43@23:49:28 : Epochs:2, Batches:6, in:7, Total:895, Loss:0.0078
INFO Fit-7-Epo-43@23:49:30 : Epochs:2, Batches:7, in:7, Total:896, Loss:0.0127
INFO Fit-7-Epo-43@23:49:32 : Epochs:3, Batches:1, in:7, Total:897, Loss:0.0095
INFO Fit-7-Epo-43@23:49:34 : Epochs:3, Batches:2, in:7, Total:898, Loss:0.0109
INFO Fit-7-Epo-43@23:49:36 : Epochs:3, Batches:3, in:7, Total:899, Loss:0.2127
INFO Fit-7-Epo-43@23:49:38 : Epochs:3, Batches:4, in:7, Total:900, Loss:0.0086
INFO Fit-7-Epo-43@23:49:40 : Epochs:3, Batches:5, in:7, Total:901, Loss:0.0081
INFO Fit-7-Epo-43@23:49:42 : Epochs:3, Batches:6, in:7, Total:902, Loss:0.0070
INFO Fit-7-Epo-43@23:57:16 : Epochs:3, Batches:7, in:7, Total:903, Loss:0.0038
INFO Fit-7-Epo-43@23:58:46 : Evaluate result: {'Loss': 3.5477390221371636}
INFO Fit-7-Epo-44@23:59:29 : Epochs:1, Batches:1, in:7, Total:904, Loss:0.0188
INFO Fit-7-Epo-44@23:59:31 : Epochs:1, Batches:2, in:7, Total:905, Loss:0.0087
INFO Fit-7-Epo-44@23:59:33 : Epochs:1, Batches:3, in:7, Total:906, Loss:0.6085
INFO Fit-7-Epo-44@23:59:35 : Epochs:1, Batches:4, in:7, Total:907, Loss:0.0065
INFO Fit-7-Epo-44@23:59:36 : Epochs:1, Batches:5, in:7, Total:908, Loss:0.0133
INFO Fit-7-Epo-44@23:59:38 : Epochs:1, Batches:6, in:7, Total:909, Loss:0.0091
INFO Fit-7-Epo-44@23:59:40 : Epochs:1, Batches:7, in:7, Total:910, Loss:0.0049
INFO Fit-7-Epo-44@23:59:42 : Epochs:2, Batches:1, in:7, Total:911, Loss:0.0138
INFO Fit-7-Epo-44@23:59:44 : Epochs:2, Batches:2, in:7, Total:912, Loss:0.0111
INFO Fit-7-Epo-44@23:59:46 : Epochs:2, Batches:3, in:7, Total:913, Loss:0.3756
INFO Fit-7-Epo-44@23:59:48 : Epochs:2, Batches:4, in:7, Total:914, Loss:0.0099
INFO Fit-7-Epo-44@23:59:49 : Epochs:2, Batches:5, in:7, Total:915, Loss:0.0131
INFO Fit-7-Epo-44@23:59:51 : Epochs:2, Batches:6, in:7, Total:916, Loss:0.0071
INFO Fit-7-Epo-44@23:59:53 : Epochs:2, Batches:7, in:7, Total:917, Loss:0.0089
INFO Fit-7-Epo-44@23:59:55 : Epochs:3, Batches:1, in:7, Total:918, Loss:0.0097
INFO Fit-7-Epo-44@23:59:57 : Epochs:3, Batches:2, in:7, Total:919, Loss:0.0180
INFO Fit-7-Epo-44@23:59:59 : Epochs:3, Batches:3, in:7, Total:920, Loss:0.4221
INFO Fit-7-Epo-44@00:00:00 : Epochs:3, Batches:4, in:7, Total:921, Loss:0.0069
INFO Fit-7-Epo-44@00:00:02 : Epochs:3, Batches:5, in:7, Total:922, Loss:0.0096
INFO Fit-7-Epo-44@00:00:04 : Epochs:3, Batches:6, in:7, Total:923, Loss:0.0089
INFO Fit-7-Epo-44@00:07:53 : Epochs:3, Batches:7, in:7, Total:924, Loss:0.0088
INFO Fit-7-Epo-44@00:09:21 : Evaluate result: {'Loss': 3.556999126121872}
INFO Fit-7-Epo-45@00:10:00 : Epochs:1, Batches:1, in:7, Total:925, Loss:0.0091
INFO Fit-7-Epo-45@00:10:02 : Epochs:1, Batches:2, in:7, Total:926, Loss:0.0066
INFO Fit-7-Epo-45@00:10:04 : Epochs:1, Batches:3, in:7, Total:927, Loss:0.1981
INFO Fit-7-Epo-45@00:10:05 : Epochs:1, Batches:4, in:7, Total:928, Loss:0.0067
INFO Fit-7-Epo-45@00:10:07 : Epochs:1, Batches:5, in:7, Total:929, Loss:0.0113
INFO Fit-7-Epo-45@00:10:09 : Epochs:1, Batches:6, in:7, Total:930, Loss:0.0109
INFO Fit-7-Epo-45@00:10:11 : Epochs:1, Batches:7, in:7, Total:931, Loss:0.0078
INFO Fit-7-Epo-45@00:10:13 : Epochs:2, Batches:1, in:7, Total:932, Loss:0.0095
INFO Fit-7-Epo-45@00:10:15 : Epochs:2, Batches:2, in:7, Total:933, Loss:0.0105
INFO Fit-7-Epo-45@00:10:16 : Epochs:2, Batches:3, in:7, Total:934, Loss:0.2264
INFO Fit-7-Epo-45@00:10:18 : Epochs:2, Batches:4, in:7, Total:935, Loss:0.0078
INFO Fit-7-Epo-45@00:10:20 : Epochs:2, Batches:5, in:7, Total:936, Loss:0.0082
INFO Fit-7-Epo-45@00:10:22 : Epochs:2, Batches:6, in:7, Total:937, Loss:0.0065
INFO Fit-7-Epo-45@00:10:23 : Epochs:2, Batches:7, in:7, Total:938, Loss:0.0090
INFO Fit-7-Epo-45@00:10:25 : Epochs:3, Batches:1, in:7, Total:939, Loss:0.0090
INFO Fit-7-Epo-45@00:10:27 : Epochs:3, Batches:2, in:7, Total:940, Loss:0.0058
INFO Fit-7-Epo-45@00:10:29 : Epochs:3, Batches:3, in:7, Total:941, Loss:0.1427
INFO Fit-7-Epo-45@00:10:30 : Epochs:3, Batches:4, in:7, Total:942, Loss:0.0076
INFO Fit-7-Epo-45@00:10:32 : Epochs:3, Batches:5, in:7, Total:943, Loss:0.0103
INFO Fit-7-Epo-45@00:10:34 : Epochs:3, Batches:6, in:7, Total:944, Loss:0.0068
INFO Fit-7-Epo-45@00:18:32 : Epochs:3, Batches:7, in:7, Total:945, Loss:0.0071
INFO Fit-7-Epo-45@00:20:02 : Evaluate result: {'Loss': 3.5560571528903706}
INFO Fit-7-Epo-46@00:20:45 : Epochs:1, Batches:1, in:7, Total:946, Loss:0.0178
INFO Fit-7-Epo-46@00:20:47 : Epochs:1, Batches:2, in:7, Total:947, Loss:0.0066
INFO Fit-7-Epo-46@00:20:49 : Epochs:1, Batches:3, in:7, Total:948, Loss:0.4528
INFO Fit-7-Epo-46@00:20:51 : Epochs:1, Batches:4, in:7, Total:949, Loss:0.0092
INFO Fit-7-Epo-46@00:20:52 : Epochs:1, Batches:5, in:7, Total:950, Loss:0.0064
INFO Fit-7-Epo-46@00:20:54 : Epochs:1, Batches:6, in:7, Total:951, Loss:0.0075
INFO Fit-7-Epo-46@00:20:56 : Epochs:1, Batches:7, in:7, Total:952, Loss:0.0068
INFO Fit-7-Epo-46@00:20:58 : Epochs:2, Batches:1, in:7, Total:953, Loss:0.0107
INFO Fit-7-Epo-46@00:21:00 : Epochs:2, Batches:2, in:7, Total:954, Loss:0.0128
INFO Fit-7-Epo-46@00:21:01 : Epochs:2, Batches:3, in:7, Total:955, Loss:0.3245
INFO Fit-7-Epo-46@00:21:03 : Epochs:2, Batches:4, in:7, Total:956, Loss:0.0074
INFO Fit-7-Epo-46@00:21:05 : Epochs:2, Batches:5, in:7, Total:957, Loss:0.0047
INFO Fit-7-Epo-46@00:21:07 : Epochs:2, Batches:6, in:7, Total:958, Loss:0.0080
INFO Fit-7-Epo-46@00:21:08 : Epochs:2, Batches:7, in:7, Total:959, Loss:0.0085
INFO Fit-7-Epo-46@00:21:10 : Epochs:3, Batches:1, in:7, Total:960, Loss:0.0051
INFO Fit-7-Epo-46@00:21:12 : Epochs:3, Batches:2, in:7, Total:961, Loss:0.0118
INFO Fit-7-Epo-46@00:21:14 : Epochs:3, Batches:3, in:7, Total:962, Loss:0.2687
INFO Fit-7-Epo-46@00:21:15 : Epochs:3, Batches:4, in:7, Total:963, Loss:0.0053
INFO Fit-7-Epo-46@00:21:17 : Epochs:3, Batches:5, in:7, Total:964, Loss:0.0045
INFO Fit-7-Epo-46@00:21:19 : Epochs:3, Batches:6, in:7, Total:965, Loss:0.0074
INFO Fit-7-Epo-46@00:29:03 : Epochs:3, Batches:7, in:7, Total:966, Loss:0.0074
INFO Fit-7-Epo-46@00:30:29 : Evaluate result: {'Loss': 3.55647169324243}
INFO Fit-7-Epo-47@00:31:11 : Epochs:1, Batches:1, in:7, Total:967, Loss:0.0304
INFO Fit-7-Epo-47@00:31:13 : Epochs:1, Batches:2, in:7, Total:968, Loss:0.0094
INFO Fit-7-Epo-47@00:31:15 : Epochs:1, Batches:3, in:7, Total:969, Loss:0.5247
INFO Fit-7-Epo-47@00:31:17 : Epochs:1, Batches:4, in:7, Total:970, Loss:0.0072
INFO Fit-7-Epo-47@00:31:19 : Epochs:1, Batches:5, in:7, Total:971, Loss:0.0090
INFO Fit-7-Epo-47@00:31:20 : Epochs:1, Batches:6, in:7, Total:972, Loss:0.0070
INFO Fit-7-Epo-47@00:31:22 : Epochs:1, Batches:7, in:7, Total:973, Loss:0.0048
INFO Fit-7-Epo-47@00:31:24 : Epochs:2, Batches:1, in:7, Total:974, Loss:0.0062
INFO Fit-7-Epo-47@00:31:26 : Epochs:2, Batches:2, in:7, Total:975, Loss:0.0103
INFO Fit-7-Epo-47@00:31:28 : Epochs:2, Batches:3, in:7, Total:976, Loss:0.2306
INFO Fit-7-Epo-47@00:31:30 : Epochs:2, Batches:4, in:7, Total:977, Loss:0.0082
INFO Fit-7-Epo-47@00:31:31 : Epochs:2, Batches:5, in:7, Total:978, Loss:0.0074
INFO Fit-7-Epo-47@00:31:33 : Epochs:2, Batches:6, in:7, Total:979, Loss:0.0078
INFO Fit-7-Epo-47@00:31:35 : Epochs:2, Batches:7, in:7, Total:980, Loss:0.0103
INFO Fit-7-Epo-47@00:31:37 : Epochs:3, Batches:1, in:7, Total:981, Loss:0.0101
INFO Fit-7-Epo-47@00:31:38 : Epochs:3, Batches:2, in:7, Total:982, Loss:0.0100
INFO Fit-7-Epo-47@00:31:40 : Epochs:3, Batches:3, in:7, Total:983, Loss:0.1671
INFO Fit-7-Epo-47@00:31:42 : Epochs:3, Batches:4, in:7, Total:984, Loss:0.0078
INFO Fit-7-Epo-47@00:31:45 : Epochs:3, Batches:5, in:7, Total:985, Loss:0.0055
INFO Fit-7-Epo-47@00:31:47 : Epochs:3, Batches:6, in:7, Total:986, Loss:0.0068
INFO Fit-7-Epo-47@00:39:39 : Epochs:3, Batches:7, in:7, Total:987, Loss:0.0064
INFO Fit-7-Epo-47@00:41:04 : Evaluate result: {'Loss': 3.652949058753446}
INFO Fit-7-Epo-48@00:41:46 : Epochs:1, Batches:1, in:7, Total:988, Loss:0.0088
INFO Fit-7-Epo-48@00:41:48 : Epochs:1, Batches:2, in:7, Total:989, Loss:0.0061
INFO Fit-7-Epo-48@00:41:49 : Epochs:1, Batches:3, in:7, Total:990, Loss:0.3387
INFO Fit-7-Epo-48@00:41:51 : Epochs:1, Batches:4, in:7, Total:991, Loss:0.0101
INFO Fit-7-Epo-48@00:41:53 : Epochs:1, Batches:5, in:7, Total:992, Loss:0.0120
INFO Fit-7-Epo-48@00:41:55 : Epochs:1, Batches:6, in:7, Total:993, Loss:0.0062
INFO Fit-7-Epo-48@00:41:57 : Epochs:1, Batches:7, in:7, Total:994, Loss:0.0058
INFO Fit-7-Epo-48@00:41:59 : Epochs:2, Batches:1, in:7, Total:995, Loss:0.0104
INFO Fit-7-Epo-48@00:42:00 : Epochs:2, Batches:2, in:7, Total:996, Loss:0.0056
INFO Fit-7-Epo-48@00:42:02 : Epochs:2, Batches:3, in:7, Total:997, Loss:0.1995
INFO Fit-7-Epo-48@00:42:03 : Epochs:2, Batches:4, in:7, Total:998, Loss:0.0046
INFO Fit-7-Epo-48@00:42:05 : Epochs:2, Batches:5, in:7, Total:999, Loss:0.0065
INFO Fit-7-Epo-48@00:42:07 : Epochs:2, Batches:6, in:7, Total:1000, Loss:0.0069
INFO Fit-7-Epo-48@00:42:08 : Epochs:2, Batches:7, in:7, Total:1001, Loss:0.0117
INFO Fit-7-Epo-48@00:42:10 : Epochs:3, Batches:1, in:7, Total:1002, Loss:0.0069
INFO Fit-7-Epo-48@00:42:12 : Epochs:3, Batches:2, in:7, Total:1003, Loss:0.0110
INFO Fit-7-Epo-48@00:42:14 : Epochs:3, Batches:3, in:7, Total:1004, Loss:0.1614
INFO Fit-7-Epo-48@00:42:16 : Epochs:3, Batches:4, in:7, Total:1005, Loss:0.0039
INFO Fit-7-Epo-48@00:42:18 : Epochs:3, Batches:5, in:7, Total:1006, Loss:0.0075
INFO Fit-7-Epo-48@00:42:20 : Epochs:3, Batches:6, in:7, Total:1007, Loss:0.0113
INFO Fit-7-Epo-48@00:50:19 : Epochs:3, Batches:7, in:7, Total:1008, Loss:0.0087
INFO Fit-7-Epo-48@00:51:43 : Evaluate result: {'Loss': 3.5884165194242934}
INFO Fit-7-Epo-49@00:52:22 : Epochs:1, Batches:1, in:7, Total:1009, Loss:0.0159
INFO Fit-7-Epo-49@00:52:24 : Epochs:1, Batches:2, in:7, Total:1010, Loss:0.0081
INFO Fit-7-Epo-49@00:52:25 : Epochs:1, Batches:3, in:7, Total:1011, Loss:0.4241
INFO Fit-7-Epo-49@00:52:27 : Epochs:1, Batches:4, in:7, Total:1012, Loss:0.0042
INFO Fit-7-Epo-49@00:52:29 : Epochs:1, Batches:5, in:7, Total:1013, Loss:0.0095
INFO Fit-7-Epo-49@00:52:31 : Epochs:1, Batches:6, in:7, Total:1014, Loss:0.0066
INFO Fit-7-Epo-49@00:52:32 : Epochs:1, Batches:7, in:7, Total:1015, Loss:0.0045
INFO Fit-7-Epo-49@00:52:34 : Epochs:2, Batches:1, in:7, Total:1016, Loss:0.0087
INFO Fit-7-Epo-49@00:52:36 : Epochs:2, Batches:2, in:7, Total:1017, Loss:0.0061
INFO Fit-7-Epo-49@00:52:37 : Epochs:2, Batches:3, in:7, Total:1018, Loss:0.2657
INFO Fit-7-Epo-49@00:52:39 : Epochs:2, Batches:4, in:7, Total:1019, Loss:0.0070
INFO Fit-7-Epo-49@00:52:41 : Epochs:2, Batches:5, in:7, Total:1020, Loss:0.0062
INFO Fit-7-Epo-49@00:52:42 : Epochs:2, Batches:6, in:7, Total:1021, Loss:0.0055
INFO Fit-7-Epo-49@00:52:44 : Epochs:2, Batches:7, in:7, Total:1022, Loss:0.0071
INFO Fit-7-Epo-49@00:52:46 : Epochs:3, Batches:1, in:7, Total:1023, Loss:0.0078
INFO Fit-7-Epo-49@00:52:47 : Epochs:3, Batches:2, in:7, Total:1024, Loss:0.0129
INFO Fit-7-Epo-49@00:52:49 : Epochs:3, Batches:3, in:7, Total:1025, Loss:0.2507
INFO Fit-7-Epo-49@00:52:50 : Epochs:3, Batches:4, in:7, Total:1026, Loss:0.0064
INFO Fit-7-Epo-49@00:52:52 : Epochs:3, Batches:5, in:7, Total:1027, Loss:0.0072
INFO Fit-7-Epo-49@00:52:54 : Epochs:3, Batches:6, in:7, Total:1028, Loss:0.0067
INFO Fit-7-Epo-49@01:00:55 : Epochs:3, Batches:7, in:7, Total:1029, Loss:0.0097
INFO Fit-7-Epo-49@01:02:20 : Evaluate result: {'Loss': 3.5265142335134065}
INFO Fit-7-Epo-50@01:03:00 : Epochs:1, Batches:1, in:7, Total:1030, Loss:0.0137
INFO Fit-7-Epo-50@01:03:02 : Epochs:1, Batches:2, in:7, Total:1031, Loss:0.0079
INFO Fit-7-Epo-50@01:03:03 : Epochs:1, Batches:3, in:7, Total:1032, Loss:0.3331
INFO Fit-7-Epo-50@01:03:05 : Epochs:1, Batches:4, in:7, Total:1033, Loss:0.0069
INFO Fit-7-Epo-50@01:03:07 : Epochs:1, Batches:5, in:7, Total:1034, Loss:0.0084
INFO Fit-7-Epo-50@01:03:09 : Epochs:1, Batches:6, in:7, Total:1035, Loss:0.0058
INFO Fit-7-Epo-50@01:03:11 : Epochs:1, Batches:7, in:7, Total:1036, Loss:0.0077
INFO Fit-7-Epo-50@01:03:13 : Epochs:2, Batches:1, in:7, Total:1037, Loss:0.0042
INFO Fit-7-Epo-50@01:03:15 : Epochs:2, Batches:2, in:7, Total:1038, Loss:0.0054
INFO Fit-7-Epo-50@01:03:16 : Epochs:2, Batches:3, in:7, Total:1039, Loss:0.2234
INFO Fit-7-Epo-50@01:03:18 : Epochs:2, Batches:4, in:7, Total:1040, Loss:0.0085
INFO Fit-7-Epo-50@01:03:20 : Epochs:2, Batches:5, in:7, Total:1041, Loss:0.0044
INFO Fit-7-Epo-50@01:03:21 : Epochs:2, Batches:6, in:7, Total:1042, Loss:0.0082
INFO Fit-7-Epo-50@01:03:23 : Epochs:2, Batches:7, in:7, Total:1043, Loss:0.0084
INFO Fit-7-Epo-50@01:03:25 : Epochs:3, Batches:1, in:7, Total:1044, Loss:0.0090
INFO Fit-7-Epo-50@01:03:27 : Epochs:3, Batches:2, in:7, Total:1045, Loss:0.0090
INFO Fit-7-Epo-50@01:03:29 : Epochs:3, Batches:3, in:7, Total:1046, Loss:0.1448
INFO Fit-7-Epo-50@01:03:31 : Epochs:3, Batches:4, in:7, Total:1047, Loss:0.0080
INFO Fit-7-Epo-50@01:03:33 : Epochs:3, Batches:5, in:7, Total:1048, Loss:0.0065
INFO Fit-7-Epo-50@01:03:35 : Epochs:3, Batches:6, in:7, Total:1049, Loss:0.0082
INFO Fit-7-Epo-50@01:11:36 : Epochs:3, Batches:7, in:7, Total:1050, Loss:0.0071
INFO Fit-7-Epo-50@01:13:02 : Evaluate result: {'Loss': 3.5114904335025856}
INFO Fit-7-Epo-50@01:13:03 : Execution complete, time: 32371.29736185074.
INFO Fit-7-Epo-50@01:13:03 : Execution complete, Total bytes sent: 27541100.
INFO Fit-7-Epo-50@01:13:03 : Execution complete, Total bytes read: 220007700.
INFO Fit-7-Epo-50@01:13:03 : Trace file has been saved to fed_srp03z-N(7).
